Time,AverageCPU,Sessions,Pheromone
0.01,2,0.0,0.0,NaN
0.01,0,NaN,NaN,NaN
60.01,1,0.16,1.0,NaN
120.01,1,0.92,4.0,NaN
180.01,1,1.0,5.0,NaN
180.01,0,NaN,NaN,NaN
240.01,2,0.5549999999999999,3.0,NaN
300.01,2,0.76,3.5,NaN
360.01,2,0.59,3.0,NaN
420.01,2,0.74,4.5,NaN
480.01,2,0.27,2.0,NaN
540.01,2,0.33999999999999997,2.5,NaN
600.01,2,0.305,2.0,NaN
660.01,2,0.335,2.0,NaN
720.01,2,0.4,2.5,NaN
780.01,2,0.255,1.5,NaN
840.01,2,0.255,1.5,NaN
900.01,2,0.16,1.0,NaN
960.01,2,0.255,1.5,NaN
1020.01,2,0.255,1.5,NaN
1080.01,2,0.44000000000000006,2.5,NaN
1140.01,2,0.44000000000000006,2.5,NaN
1200.01,2,0.56,3.0,NaN
1260.01,2,0.56,2.5,NaN
1320.01,2,0.16,1.0,NaN
1380.01,1,0.16,0.5,NaN
1380.01,0,NaN,NaN,NaN
1440.01,0,NaN,0.0,NaN
1500.01,0,NaN,0.0,NaN
1560.01,1,0.16,1.0,NaN
1620.01,1,0.36,2.0,NaN
1680.01,1,0.36,2.0,NaN
1740.01,1,0.92,4.0,NaN
1740.01,0,NaN,NaN,NaN
1800.01,2,0.28,1.5,NaN
1860.01,2,0.54,2.5,NaN
1920.01,2,0.44000000000000006,2.0,NaN
1980.01,2,0.44000000000000006,2.5,NaN
2040.01,2,0.255,1.5,NaN
2100.01,2,0.16,1.0,NaN
2160.01,2,0.16,1.0,NaN
2220.01,2,0.16,1.0,NaN
2280.01,2,0.255,2.0,NaN
2340.01,2,0.32,2.0,NaN
2400.01,2,0.16,1.0,NaN
2460.01,2,0.16,1.0,NaN
2520.01,2,0.16,1.0,NaN
2580.01,2,0.255,1.5,NaN
2640.01,2,0.32,2.0,NaN
2700.01,2,0.56,2.5,NaN
2760.01,2,0.44000000000000006,2.5,NaN
2820.01,2,0.32,2.0,NaN
2880.01,2,0.32,2.5,NaN
2940.01,2,0.33499999999999996,2.0,NaN
3000.01,2,0.33499999999999996,2.0,NaN
3060.01,2,0.24,1.5,NaN
3120.01,2,0.26,1.5,NaN
3180.01,1,0.16,0.5,NaN
3180.01,0,NaN,NaN,NaN
3240.01,1,0.16,1.0,NaN
3300.01,1,0.92,4.0,NaN
3360.01,1,0.94,6.0,NaN
3360.01,0,NaN,NaN,NaN
3420.01,2,0.78,4.5,NaN
3480.01,2,0.86,6.0,NaN
3540.01,2,0.635,6.5,NaN
3600.01,2,0.74,7.5,NaN
3660.01,2,0.74,9.0,NaN
3720.01,2,0.62,9.0,NaN
3780.01,2,0.32,8.5,NaN
3840.01,2,0.32,8.0,NaN
3900.01,2,0.16,7.0,NaN
3960.01,2,0.255,7.5,NaN
4020.01,1,0.16,6.5,NaN
4020.01,0,NaN,NaN,NaN
4080.01,1,0.16,7.0,NaN
4140.01,1,0.16,7.0,NaN
4200.01,0,NaN,6.0,NaN
4260.01,1,0.16,7.0,NaN
4320.01,1,0.76,10.0,NaN
4380.01,1,0.94,12.0,NaN
4380.01,0,NaN,NaN,NaN
4440.01,2,0.5,6.0,NaN
4500.01,2,0.28,6.5,NaN
4560.01,1,0.56,7.5,NaN
4620.01,2,0.36000000000000004,8.0,NaN
4680.01,2,0.66,9.5,NaN
4740.01,2,0.44000000000000006,8.5,NaN
4800.01,2,0.7250000000000001,9.5,NaN
4860.01,2,0.44000000000000006,8.5,NaN
4920.01,2,0.32,8.0,NaN
4980.01,2,0.255,7.5,NaN
5040.01,2,0.255,7.5,NaN
5100.01,2,0.32,8.0,NaN
5160.01,2,0.56,8.5,NaN
5220.01,2,0.7250000000000001,9.5,NaN
5280.01,2,0.56,9.0,NaN
5340.01,2,0.92,9.5,NaN
5340.01,0,NaN,NaN,NaN
5400.01,3,0.37333333333333335,6.0,NaN
5460.01,3,0.4266666666666667,6.666666666666667,NaN
5520.01,3,0.5133333333333333,7.0,NaN
5580.01,3,0.6933333333333334,7.333333333333333,NaN
5640.01,3,0.48666666666666664,6.666666666666667,NaN
5700.01,3,0.37333333333333335,6.333333333333333,NaN
5760.01,3,0.32,6.0,NaN
5820.01,3,0.2733333333333334,5.666666666666667,NaN
5880.01,3,0.32,6.333333333333333,NaN
5940.01,3,0.5733333333333334,7.333333333333333,NaN
6000.01,3,0.48666666666666664,7.333333333333333,NaN
6060.01,3,0.48666666666666664,7.0,NaN
6120.01,3,0.48666666666666664,7.0,NaN
6180.01,3,0.5733333333333334,7.333333333333333,NaN
6240.01,3,0.7100000000000001,8.0,NaN
6300.01,3,0.7533333333333333,8.0,NaN
6360.01,3,0.4266666666666667,7.0,NaN
6420.01,3,0.4266666666666667,6.333333333333333,NaN
6480.01,3,0.32,6.0,NaN
6540.01,3,0.16,5.0,NaN
6600.01,3,0.26666666666666666,5.666666666666667,NaN
6660.01,3,0.43333333333333335,6.333333333333333,NaN
6720.01,3,0.43333333333333335,6.666666666666667,NaN
6780.01,3,0.38999999999999996,6.333333333333333,NaN
6840.01,3,0.26666666666666666,5.666666666666667,NaN
6900.01,3,0.32,6.0,NaN
6960.01,3,0.32,6.0,NaN
7020.01,3,0.32,6.0,NaN
7080.01,3,0.39000000000000007,6.333333333333333,NaN
7140.01,3,0.43333333333333335,6.666666666666667,NaN
7200.01,3,0.32,6.0,NaN
7260.01,3,0.32,6.0,NaN
7320.01,3,0.43333333333333335,7.0,NaN
7380.01,3,0.6133333333333333,7.333333333333333,NaN
7440.01,3,0.6133333333333333,7.333333333333333,NaN
7500.01,3,0.6133333333333333,7.333333333333333,NaN
7560.01,3,0.39000000000000007,6.333333333333333,NaN
7620.01,3,0.26666666666666666,5.666666666666667,NaN
7680.01,3,0.32,6.0,NaN
7740.01,3,0.6133333333333333,7.666666666666667,NaN
7800.01,3,0.6133333333333333,7.666666666666667,NaN
7860.01,3,0.6133333333333333,7.333333333333333,NaN
7920.01,3,0.39000000000000007,6.333333333333333,NaN
7980.01,3,0.26666666666666666,5.666666666666667,NaN
8040.01,3,0.22,5.333333333333333,NaN
8100.01,3,0.32,6.0,NaN
8160.01,3,0.32,6.0,NaN
8220.01,3,0.26666666666666666,5.666666666666667,NaN
8280.01,3,0.22,5.333333333333333,NaN
8340.01,3,0.32,6.0,NaN
8400.01,3,0.32,6.0,NaN
8460.01,3,0.26666666666666666,6.0,NaN
8520.01,3,0.32,6.0,NaN
8580.01,3,0.52,7.0,NaN
8640.01,3,0.6666666666666666,7.666666666666667,NaN
8700.01,3,0.6133333333333333,7.333333333333333,NaN
8760.01,3,0.43333333333333335,6.666666666666667,NaN
8820.01,3,0.39000000000000007,6.333333333333333,NaN
8880.01,3,0.5666666666666667,7.666666666666667,NaN
8940.01,3,0.6266666666666666,7.0,NaN
9000.01,3,0.43333333333333335,6.666666666666667,NaN
9060.01,3,0.7533333333333333,8.0,NaN
9120.01,3,0.6533333333333333,7.666666666666667,NaN
9180.01,3,0.7100000000000001,8.333333333333334,NaN
9240.01,3,0.69,8.666666666666666,NaN
9300.01,3,0.7633333333333333,8.333333333333334,NaN
9360.01,3,0.6566666666666666,8.333333333333334,NaN
9420.01,3,0.6833333333333332,9.333333333333334,NaN
9480.01,3,0.8633333333333333,10.333333333333334,NaN
9480.01,0,NaN,NaN,NaN
9540.01,4,0.7,8.25,NaN
9600.01,4,0.6325,8.0,NaN
9660.01,4,0.6125,8.5,NaN
9720.01,4,0.395,8.0,NaN
9780.01,4,0.35,8.0,NaN
9840.01,4,0.4,8.0,NaN
9900.01,4,0.2,7.25,NaN
9960.01,4,0.36250000000000004,8.0,NaN
10020.01,4,0.4,8.0,NaN
10080.01,4,0.32,7.75,NaN
10140.01,4,0.24,7.25,NaN
10200.01,4,0.24000000000000002,7.5,NaN
10260.01,4,0.32,8.0,NaN
10320.01,4,0.48,8.75,NaN
10380.01,4,0.5800000000000001,9.0,NaN
10440.01,4,0.3625,8.0,NaN
10500.01,4,0.3825,8.25,NaN
10560.01,4,0.3825,8.0,NaN
10620.01,4,0.36,8.25,NaN
10680.01,4,0.4625,8.75,NaN
10740.01,4,0.525,8.75,NaN
10800.01,4,0.495,8.25,NaN
10860.01,4,0.37000000000000005,7.75,NaN
10920.01,4,0.24,7.25,NaN
10980.01,4,0.28,7.5,NaN
11040.01,4,0.4,8.25,NaN
11100.01,4,0.44,8.25,NaN
11160.01,4,0.36250000000000004,8.0,NaN
11220.01,4,0.27999999999999997,7.5,NaN
11280.01,4,0.32,7.5,NaN
11340.01,4,0.32,8.0,NaN
11400.01,4,0.37000000000000005,8.0,NaN
11460.01,4,0.37000000000000005,7.75,NaN
11520.01,4,0.27999999999999997,7.5,NaN
11580.01,4,0.32,7.75,NaN
11640.01,4,0.4,8.25,NaN
11700.01,4,0.44,8.5,NaN
11760.01,4,0.45,8.5,NaN
11820.01,4,0.51,8.75,NaN
11880.01,4,0.48250000000000004,8.5,NaN
11940.01,4,0.76,10.5,NaN
12000.01,4,0.605,11.75,NaN
12060.01,4,0.655,12.75,NaN
12120.01,4,0.5575,13.25,NaN
12180.01,4,0.345,13.25,NaN
12240.01,4,0.375,14.5,NaN
12300.01,4,0.525,15.5,NaN
12360.01,4,0.5025,15.75,NaN
12420.01,4,0.3825,15.25,NaN
12480.01,4,0.32,15.0,NaN
12540.01,4,0.36000000000000004,15.25,NaN
12600.01,4,0.39999999999999997,15.5,NaN
12660.01,4,0.24000000000000002,14.5,NaN
12720.01,4,0.24,14.5,NaN
12780.01,4,0.24000000000000002,14.75,NaN
12840.01,4,0.24,14.5,NaN
12900.01,4,0.24000000000000002,14.5,NaN
12960.01,4,0.16,14.0,NaN
13020.01,3,0.10666666666666667,13.5,NaN
13020.01,0,NaN,NaN,NaN
13080.01,2,0.255,15.666666666666666,NaN
13140.01,3,0.37333333333333335,17.0,NaN
13200.01,3,0.4266666666666667,17.333333333333332,NaN
13260.01,3,0.4266666666666667,17.0,NaN
13320.01,3,0.10666666666666667,15.333333333333334,NaN
13380.01,3,0.26666666666666666,16.333333333333332,NaN
13440.01,3,0.39000000000000007,17.0,NaN
13500.01,3,0.52,18.0,NaN
13560.01,3,0.52,17.666666666666668,NaN
13620.01,3,0.32,16.666666666666668,NaN
13680.01,3,0.61,18.0,NaN
13740.01,3,0.4266666666666667,17.333333333333332,NaN
13800.01,3,0.7066666666666667,18.333333333333332,NaN
13860.01,3,0.45,17.0,NaN
13920.01,3,0.26666666666666666,16.333333333333332,NaN
13980.01,3,0.2733333333333334,16.333333333333332,NaN
14040.01,3,0.32,16.666666666666668,NaN
14100.01,3,0.6900000000000001,18.666666666666668,NaN
14160.01,3,0.8966666666666666,19.333333333333332,NaN
14160.01,0,NaN,NaN,NaN
14220.01,4,0.54,14.0,NaN
14280.01,4,0.44749999999999995,13.5,NaN
14340.01,4,0.2925,12.5,NaN
14400.01,4,0.2,12.25,NaN
14460.01,4,0.12,11.75,NaN
14520.01,4,0.16,12.0,NaN
14580.01,4,0.27999999999999997,12.75,NaN
14640.01,4,0.4,13.5,NaN
14700.01,4,0.4,13.5,NaN
14760.01,4,0.4,13.5,NaN
14820.01,4,0.32,13.0,NaN
14880.01,4,0.32,13.25,NaN
14940.01,4,0.495,13.75,NaN
15000.01,4,0.55,14.25,NaN
15060.01,4,0.515,14.0,NaN
15120.01,4,0.62,14.25,NaN
15180.01,4,0.39499999999999996,13.0,NaN
15240.01,4,0.4575,13.5,NaN
15300.01,4,0.48,14.0,NaN
15360.01,4,0.4025,13.5,NaN
15420.01,3,0.37333333333333335,12.75,NaN
15480.01,4,0.27999999999999997,12.75,NaN
15540.01,4,0.24000000000000002,12.5,NaN
15600.01,4,0.37000000000000005,13.5,NaN
15660.01,4,0.5375,14.0,NaN
15720.01,4,0.605,14.5,NaN
15780.01,4,0.63,14.5,NaN
15840.01,4,0.495,13.75,NaN
15900.01,4,0.41000000000000003,13.25,NaN
15960.01,4,0.24000000000000002,12.75,NaN
16020.01,4,0.4475,13.5,NaN
16080.01,4,0.6475,14.75,NaN
16140.01,4,0.6449999999999999,14.5,NaN
16200.01,4,0.44,13.5,NaN
16260.01,4,0.44,13.25,NaN
16320.01,4,0.41000000000000003,13.25,NaN
16380.01,4,0.61,14.25,NaN
16440.01,4,0.715,15.0,NaN
16500.01,4,0.8474999999999999,15.5,NaN
16500.01,0,NaN,NaN,NaN
16560.01,5,0.5279999999999999,12.8,NaN
16620.01,5,0.344,13.0,NaN
16680.01,4,0.515,13.8,NaN
16740.01,5,0.344,14.2,NaN
16800.01,5,0.352,14.2,NaN
16860.01,5,0.41600000000000004,14.6,NaN
16920.01,5,0.352,14.0,NaN
16980.01,5,0.192,13.4,NaN
17040.01,5,0.16,13.0,NaN
17100.01,5,0.32,14.2,NaN
17160.01,5,0.352,14.2,NaN
17220.01,5,0.41600000000000004,14.6,NaN
17280.01,5,0.22399999999999998,13.4,NaN
17340.01,5,0.192,13.2,NaN
17400.01,5,0.16,13.0,NaN
17460.01,5,0.22400000000000003,13.4,NaN
17520.01,5,0.288,13.8,NaN
17580.01,5,0.384,14.4,NaN
17640.01,5,0.44800000000000006,14.8,NaN
17700.01,5,0.51,15.2,NaN
17760.01,5,0.48,15.0,NaN
17820.01,5,0.658,15.2,NaN
17880.01,5,0.6119999999999999,15.0,NaN
17940.01,5,0.404,15.6,NaN
18000.01,5,0.304,15.8,NaN
18060.01,5,0.4699999999999999,17.0,NaN
18120.01,5,0.45,18.0,NaN
18180.01,5,0.502,18.6,NaN
18240.01,5,0.33599999999999997,18.2,NaN
18300.01,5,0.282,17.8,NaN
18360.01,5,0.40800000000000003,18.2,NaN
18420.01,5,0.352,17.8,NaN
18480.01,5,0.384,18.0,NaN
18540.01,5,0.352,18.0,NaN
18600.01,5,0.384,18.0,NaN
18660.01,5,0.41600000000000004,18.0,NaN
18720.01,5,0.384,18.0,NaN
18780.01,5,0.44799999999999995,18.4,NaN
18840.01,5,0.5059999999999999,18.8,NaN
18900.01,5,0.48,18.6,NaN
18960.01,5,0.28800000000000003,17.2,NaN
19020.01,5,0.256,17.0,NaN
19080.01,5,0.32,17.6,NaN
19140.01,5,0.288,17.4,NaN
19200.01,5,0.384,17.8,NaN
19260.01,5,0.22399999999999998,16.8,NaN
19320.01,5,0.22400000000000003,17.0,NaN
19380.01,5,0.22400000000000003,17.2,NaN
19440.01,5,0.288,17.4,NaN
19500.01,5,0.384,18.0,NaN
19560.01,5,0.44800000000000006,18.4,NaN
19620.01,5,0.32,17.6,NaN
19680.01,5,0.28800000000000003,17.4,NaN
19740.01,5,0.16,16.6,NaN
19800.01,5,0.128,16.4,NaN
19860.01,5,0.28800000000000003,17.4,NaN
19920.01,5,0.41600000000000004,18.2,NaN
19980.01,5,0.516,20.0,NaN
20040.01,5,0.35400000000000004,21.2,NaN
20100.01,5,0.514,22.4,NaN
20160.01,5,0.48600000000000004,22.4,NaN
20220.01,5,0.22399999999999998,22.6,NaN
20280.01,4,0.255,22.8,NaN
20340.01,5,0.16,23.4,NaN
20400.01,5,0.352,24.4,NaN
20460.01,5,0.582,25.8,NaN
20520.01,5,0.59,25.4,NaN
20580.01,5,0.372,24.6,NaN
20640.01,5,0.29,24.0,NaN
20700.01,5,0.22400000000000003,23.8,NaN
20760.01,5,0.256,24.0,NaN
20820.01,5,0.28800000000000003,24.0,NaN
20880.01,5,0.32,24.6,NaN
20940.01,5,0.46799999999999997,25.4,NaN
21000.01,5,0.5359999999999999,25.6,NaN
21060.01,5,0.492,25.4,NaN
21120.01,5,0.352,24.6,NaN
21180.01,5,0.32,24.4,NaN
21240.01,5,0.256,24.0,NaN
21300.01,5,0.22400000000000003,24.0,NaN
21360.01,5,0.32,24.2,NaN
21420.01,5,0.384,24.8,NaN
21480.01,5,0.41600000000000004,25.0,NaN
21540.01,5,0.516,25.6,NaN
21600.01,5,0.42000000000000004,26.0,NaN
21660.01,5,0.35,26.8,NaN
21720.01,5,0.466,28.0,NaN
21780.01,5,0.576,29.0,NaN
21840.01,5,0.524,31.6,NaN
21900.01,5,0.5119999999999999,32.4,NaN
21960.01,5,0.45999999999999996,33.6,NaN
22020.01,5,0.36800000000000005,34.6,NaN
22080.01,4,0.5775,35.4,NaN
22140.01,5,0.458,37.0,NaN
22200.01,5,0.4720000000000001,37.8,NaN
22260.01,5,0.45199999999999996,39.0,NaN
22320.01,5,0.328,40.8,NaN
22380.01,5,0.304,42.2,NaN
22440.01,5,0.3,43.6,NaN
22500.01,5,0.322,44.4,NaN
22560.01,5,0.402,45.4,NaN
22620.01,5,0.39799999999999996,46.6,NaN
22680.01,5,0.40800000000000003,48.4,NaN
22740.01,5,0.36,49.6,NaN
22800.01,5,0.43999999999999995,51.0,NaN
22860.01,5,0.40800000000000003,51.6,NaN
22920.01,5,0.358,52.6,NaN
22980.01,5,0.326,53.2,NaN
23040.01,5,0.51,54.4,NaN
23100.01,5,0.44400000000000006,55.0,NaN
23160.01,5,0.42400000000000004,55.0,NaN
23220.01,5,0.5199999999999999,55.4,NaN
23280.01,5,0.488,55.2,NaN
23340.01,5,0.44800000000000006,55.0,NaN
23400.01,5,0.52,55.6,NaN
23460.01,5,0.45200000000000007,55.8,NaN
23520.01,5,0.5200000000000001,56.8,NaN
23580.01,5,0.462,57.4,NaN
23640.01,5,0.376,58.0,NaN
23700.01,5,0.524,59.0,NaN
23760.01,5,0.4539999999999999,60.0,NaN
23820.01,5,0.58,60.6,NaN
23880.01,5,0.5359999999999999,61.8,NaN
23940.01,5,0.45200000000000007,62.4,NaN
24000.01,5,0.43599999999999994,62.8,NaN
24060.01,5,0.28,63.4,NaN
24120.01,5,0.4,64.4,NaN
24180.01,5,0.45599999999999996,65.0,NaN
24240.01,5,0.524,65.6,NaN
24300.01,5,0.44800000000000006,65.0,NaN
24360.01,5,0.528,65.6,NaN
24420.01,5,0.42800000000000005,66.0,NaN
24480.01,5,0.526,65.6,NaN
24540.01,5,0.4,65.6,NaN
24600.01,5,0.45,66.8,NaN
24660.01,5,0.588,67.0,NaN
24720.01,5,0.558,67.0,NaN
24780.01,5,0.53,68.4,NaN
24840.01,5,0.376,69.0,NaN
24900.01,5,0.46799999999999997,70.2,NaN
24960.01,5,0.434,71.6,NaN
25020.01,5,0.426,72.4,NaN
25080.01,5,0.392,73.0,NaN
25140.01,5,0.49800000000000005,74.4,NaN
25200.01,5,0.476,75.0,NaN
25260.01,5,0.5599999999999999,76.6,NaN
25320.01,5,0.548,77.2,NaN
25380.01,5,0.504,78.2,NaN
25440.01,5,0.414,79.2,NaN
25500.01,5,0.576,80.6,NaN
25560.01,5,0.5800000000000001,81.4,NaN
25620.01,5,0.48,82.4,NaN
25680.01,5,0.38,84.0,NaN
25740.01,5,0.472,85.4,NaN
25800.01,5,0.4039999999999999,86.6,NaN
25860.01,5,0.384,86.8,NaN
25920.01,5,0.38,88.8,NaN
25980.01,5,0.384,89.6,NaN
26040.01,5,0.5519999999999999,90.8,NaN
26100.01,5,0.43200000000000005,91.4,NaN
26160.01,5,0.42400000000000004,93.4,NaN
26220.01,5,0.38599999999999995,94.2,NaN
26280.01,5,0.518,95.2,NaN
26340.01,5,0.344,95.6,NaN
26400.01,5,0.346,96.6,NaN
26460.01,5,0.534,98.6,NaN
26520.01,5,0.54,99.2,NaN
26580.01,5,0.572,100.8,NaN
26640.01,5,0.5159999999999999,102.2,NaN
26700.01,5,0.4119999999999999,103.2,NaN
26760.01,5,0.33399999999999996,104.0,NaN
26820.01,5,0.376,105.4,NaN
26880.01,5,0.422,106.2,NaN
26940.01,5,0.396,107.6,NaN
27000.01,5,0.466,109.4,NaN
27060.01,5,0.41,111.2,NaN
27120.01,5,0.5,113.4,NaN
27180.01,5,0.4539999999999999,114.2,NaN
27240.01,5,0.378,115.8,NaN
27300.01,5,0.434,117.0,NaN
27360.01,5,0.42400000000000004,117.8,NaN
27420.01,5,0.314,118.8,NaN
27480.01,5,0.38,119.4,NaN
27540.01,5,0.43800000000000006,120.4,NaN
27600.01,5,0.62,121.6,NaN
27660.01,5,0.304,124.8,NaN
27720.01,5,0.21200000000000002,126.2,NaN
27780.01,5,0.45200000000000007,127.4,NaN
27840.01,5,0.502,128.8,NaN
27900.01,5,0.38000000000000006,129.8,NaN
27960.01,5,0.41600000000000004,131.4,NaN
28020.01,5,0.374,133.0,NaN
28080.01,5,0.366,134.0,NaN
28140.01,5,0.4800000000000001,135.2,NaN
28200.01,5,0.53,137.8,NaN
28260.01,5,0.496,139.0,NaN
28320.01,5,0.438,139.8,NaN
28380.01,5,0.514,141.2,NaN
28440.01,5,0.322,142.6,NaN
28500.01,5,0.398,144.0,NaN
28560.01,5,0.438,145.6,NaN
28620.01,5,0.518,147.0,NaN
28680.01,5,0.442,148.4,NaN
28740.01,5,0.374,150.6,NaN
28800.01,5,0.472,151.0,NaN
28860.01,5,0.3,152.0,NaN
28920.01,5,0.442,153.4,NaN
28980.01,5,0.32999999999999996,154.4,NaN
29040.01,5,0.386,157.0,NaN
29100.01,5,0.46399999999999997,158.2,NaN
29160.01,5,0.44800000000000006,160.6,NaN
29220.01,5,0.54,161.6,NaN
29280.01,5,0.492,163.4,NaN
29340.01,5,0.246,164.8,NaN
29400.01,5,0.316,167.4,NaN
29460.01,5,0.47000000000000003,169.4,NaN
29520.01,5,0.30599999999999994,170.6,NaN
29580.01,5,0.476,171.8,NaN
29640.01,5,0.41200000000000003,172.8,NaN
29700.01,5,0.398,174.0,NaN
29760.01,5,0.43200000000000005,175.2,NaN
29820.01,5,0.364,176.8,NaN
29880.01,5,0.472,178.0,NaN
29940.01,5,0.53,179.4,NaN
30000.01,5,0.45,180.6,NaN
30060.01,5,0.45600000000000007,182.8,NaN
30120.01,5,0.422,183.4,NaN
30180.01,5,0.4800000000000001,184.8,NaN
30240.01,5,0.51,186.2,NaN
30300.01,5,0.31799999999999995,187.4,NaN
30360.01,5,0.392,189.8,NaN
30420.01,5,0.44000000000000006,191.6,NaN
30480.01,5,0.43,193.2,NaN
30540.01,5,0.40800000000000003,194.2,NaN
30600.01,5,0.526,195.8,NaN
30660.01,5,0.426,197.6,NaN
30720.01,5,0.524,199.8,NaN
30780.01,5,0.502,201.0,NaN
30840.01,5,0.37,202.8,NaN
30900.01,5,0.45,204.4,NaN
30960.01,5,0.43600000000000005,205.8,NaN
31020.01,5,0.406,207.4,NaN
31080.01,5,0.40800000000000003,209.6,NaN
31140.01,5,0.42400000000000004,210.4,NaN
31200.01,5,0.388,212.4,NaN
31260.01,5,0.388,213.2,NaN
31320.01,5,0.466,213.4,NaN
31380.01,5,0.41600000000000004,214.6,NaN
31440.01,5,0.568,216.2,NaN
31500.01,5,0.41600000000000004,217.4,NaN
31560.01,5,0.526,219.6,NaN
31620.01,5,0.48,222.4,NaN
31680.01,5,0.41,222.8,NaN
31740.01,5,0.49000000000000005,224.8,NaN
31800.01,5,0.426,226.8,NaN
31860.01,5,0.332,229.2,NaN
31920.01,5,0.41400000000000003,230.8,NaN
31980.01,5,0.484,231.8,NaN
32040.01,5,0.274,234.8,NaN
32100.01,5,0.522,237.4,NaN
32160.01,5,0.26799999999999996,240.2,NaN
32220.01,5,0.48600000000000004,241.8,NaN
32280.01,5,0.31799999999999995,243.2,NaN
32340.01,5,0.388,246.2,NaN
32400.01,5,0.44800000000000006,246.6,NaN
32460.01,5,0.324,249.2,NaN
32520.01,5,0.394,250.6,NaN
32580.01,5,0.458,253.2,NaN
32640.01,5,0.46799999999999997,255.4,NaN
32700.01,5,0.522,257.4,NaN
32760.01,5,0.48200000000000004,258.8,NaN
32820.01,5,0.44600000000000006,259.8,NaN
32880.01,5,0.502,262.8,NaN
32940.01,5,0.5820000000000001,265.8,NaN
33000.01,5,0.372,269.4,NaN
33060.01,5,0.476,271.4,NaN
33120.01,5,0.422,274.0,NaN
33180.01,5,0.442,275.4,NaN
33240.01,5,0.366,278.0,NaN
33300.01,5,0.5519999999999999,280.8,NaN
33360.01,5,0.34199999999999997,283.6,NaN
33420.01,5,0.41600000000000004,287.0,NaN
33480.01,5,0.35,289.4,NaN
33540.01,5,0.502,291.2,NaN
33600.01,5,0.5539999999999999,292.6,NaN
33660.01,5,0.4800000000000001,294.8,NaN
33720.01,5,0.5239999999999999,297.0,NaN
33780.01,5,0.48600000000000004,300.4,NaN
33840.01,5,0.358,302.0,NaN
33900.01,5,0.376,304.4,NaN
33960.01,5,0.42800000000000005,307.8,NaN
34020.01,5,0.48200000000000004,310.8,NaN
34080.01,5,0.504,312.0,NaN
34140.01,5,0.382,315.2,NaN
34200.01,5,0.5839999999999999,317.8,NaN
34260.01,5,0.27199999999999996,320.6,NaN
34320.01,5,0.522,322.8,NaN
34380.01,5,0.48599999999999993,326.2,NaN
34440.01,5,0.542,328.4,NaN
34500.01,5,0.40199999999999997,330.2,NaN
34560.01,5,0.45199999999999996,332.2,NaN
34620.01,5,0.48200000000000004,335.2,NaN
34680.01,5,0.262,339.0,NaN
34740.01,5,0.37,340.6,NaN
34800.01,5,0.388,343.0,NaN
34860.01,5,0.422,346.4,NaN
34920.01,5,0.352,349.2,NaN
34980.01,5,0.32799999999999996,351.6,NaN
35040.01,5,0.518,352.8,NaN
35100.01,5,0.384,354.8,NaN
35160.01,5,0.496,356.2,NaN
35220.01,5,0.61,359.2,NaN
35280.01,5,0.404,361.4,NaN
35340.01,5,0.458,364.0,NaN
35400.01,5,0.41600000000000004,366.8,NaN
35460.01,5,0.346,369.4,NaN
35520.01,5,0.35600000000000004,372.2,NaN
35580.01,5,0.256,374.2,NaN
35640.01,5,0.388,377.6,NaN
35700.01,5,0.286,380.8,NaN
35760.01,5,0.346,383.0,NaN
35820.01,5,0.21600000000000003,384.4,NaN
35880.01,5,0.41,386.6,NaN
35940.01,5,0.388,389.8,NaN
36000.01,5,0.42000000000000004,392.0,NaN
36060.01,5,0.534,395.8,NaN
36120.01,5,0.5800000000000001,398.8,NaN
36180.01,5,0.472,403.6,NaN
36240.01,5,0.44800000000000006,407.2,NaN
36300.01,5,0.5780000000000001,410.4,NaN
36360.01,5,0.294,413.8,NaN
36420.01,5,0.28800000000000003,416.8,NaN
36480.01,5,0.33599999999999997,419.6,NaN
36540.01,5,0.33799999999999997,423.6,NaN
36600.01,5,0.36200000000000004,425.6,NaN
36660.01,5,0.47000000000000003,428.4,NaN
36720.01,5,0.43200000000000005,431.6,NaN
36780.01,5,0.618,435.6,NaN
36840.01,5,0.632,438.6,NaN
36900.01,5,0.6039999999999999,441.4,NaN
36960.01,5,0.4120000000000001,444.0,NaN
37020.01,5,0.6759999999999999,448.0,NaN
37080.01,5,0.32,450.8,NaN
37140.01,5,0.36,454.6,NaN
37200.01,5,0.458,459.0,NaN
37260.01,5,0.33199999999999996,462.8,NaN
37320.01,5,0.308,467.4,NaN
37380.01,5,0.43,471.4,NaN
37440.01,5,0.53,474.2,NaN
37500.01,5,0.576,479.2,NaN
37560.01,5,0.26799999999999996,482.4,NaN
37620.01,5,0.574,485.4,NaN
37680.01,5,0.334,488.4,NaN
37740.01,5,0.624,491.8,NaN
37800.01,5,0.504,495.6,NaN
37860.01,5,0.562,499.2,NaN
37920.01,5,0.5700000000000001,501.6,NaN
37980.01,5,0.666,504.6,NaN
38040.01,5,0.6519999999999999,509.0,NaN
38100.01,5,0.752,512.6,NaN
38160.01,5,0.236,515.6,NaN
38220.01,5,0.544,519.0,NaN
38280.01,5,0.334,522.8,NaN
38340.01,5,0.36,525.6,NaN
38400.01,5,0.316,529.2,NaN
38460.01,5,0.3,532.4,NaN
38520.01,5,0.584,535.2,NaN
38580.01,5,0.4539999999999999,537.8,NaN
38640.01,5,0.47000000000000003,541.0,NaN
38700.01,5,0.4,543.4,NaN
38760.01,5,0.514,546.0,NaN
38820.01,5,0.504,548.4,NaN
38880.01,5,0.35,551.6,NaN
38940.01,5,0.42200000000000004,555.4,NaN
39000.01,5,0.47000000000000003,559.8,NaN
39060.01,5,0.342,562.4,NaN
39120.01,5,0.5880000000000001,568.0,NaN
39180.01,5,0.44399999999999995,572.0,NaN
39240.01,5,0.37,575.4,NaN
39300.01,5,0.45999999999999996,578.4,NaN
39360.01,5,0.4720000000000001,581.4,NaN
39420.01,5,0.5660000000000001,584.8,NaN
39480.01,5,0.34,587.8,NaN
39540.01,5,0.4039999999999999,591.6,NaN
39600.01,5,0.41800000000000004,594.4,NaN
39660.01,5,0.45600000000000007,598.0,NaN
39720.01,5,0.538,602.2,NaN
39780.01,5,0.434,604.8,NaN
39840.01,5,0.34600000000000003,609.2,NaN
39900.01,5,0.476,613.8,NaN
39960.01,5,0.554,616.4,NaN
40020.01,5,0.49000000000000005,620.8,NaN
40080.01,5,0.43,624.8,NaN
40140.01,5,0.396,627.0,NaN
40200.01,5,0.28,629.6,NaN
40260.01,5,0.366,632.8,NaN
40320.01,5,0.298,637.8,NaN
40380.01,5,0.6579999999999999,642.6,NaN
40440.01,5,0.58,649.0,NaN
40500.01,5,0.406,651.2,NaN
40560.01,5,0.35200000000000004,653.4,NaN
40620.01,5,0.47000000000000003,658.0,NaN
40680.01,5,0.6000000000000001,661.4,NaN
40740.01,5,0.5800000000000001,664.8,NaN
40800.01,5,0.47000000000000003,669.2,NaN
40860.01,5,0.49000000000000005,672.0,NaN
40920.01,5,0.402,676.6,NaN
40980.01,5,0.5279999999999999,681.0,NaN
41040.01,5,0.6380000000000001,684.0,NaN
41100.01,5,0.546,689.0,NaN
41160.01,5,0.418,692.8,NaN
41220.01,5,0.418,695.8,NaN
41280.01,5,0.32599999999999996,699.6,NaN
41340.01,5,0.756,704.0,NaN
41400.01,5,0.356,707.4,NaN
41460.01,5,0.562,712.6,NaN
41520.01,5,0.45,715.4,NaN
41580.01,5,0.6140000000000001,721.0,NaN
41640.01,5,0.246,723.4,NaN
41700.01,5,0.5720000000000001,726.0,NaN
41760.01,5,0.372,728.8,NaN
41820.01,5,0.354,732.4,NaN
41880.01,5,0.45999999999999996,737.0,NaN
41940.01,5,0.514,740.6,NaN
42000.01,5,0.296,743.0,NaN
42060.01,5,0.41400000000000003,745.8,NaN
42120.01,5,0.45999999999999996,749.2,NaN
42180.01,5,0.43200000000000005,752.6,NaN
42240.01,5,0.41600000000000004,755.4,NaN
42300.01,5,0.42800000000000005,757.6,NaN
42360.01,5,0.388,760.2,NaN
42420.01,5,0.34,764.4,NaN
42480.01,5,0.6060000000000001,767.4,NaN
42540.01,5,0.40800000000000003,770.6,NaN
42600.01,5,0.4720000000000001,774.4,NaN
42660.01,5,0.522,777.0,NaN
42720.01,5,0.41600000000000004,780.4,NaN
42780.01,5,0.376,783.8,NaN
42840.01,5,0.526,787.4,NaN
42900.01,5,0.43,791.8,NaN
42960.01,5,0.518,795.4,NaN
43020.01,5,0.278,798.8,NaN
43080.01,5,0.38599999999999995,803.6,NaN
43140.01,5,0.508,806.4,NaN
43200.01,5,0.41,809.6,NaN
43260.01,5,0.442,814.0,NaN
43320.01,5,0.4800000000000001,818.2,NaN
43380.01,5,0.29,820.6,NaN
43440.01,5,0.398,823.4,NaN
43500.01,5,0.372,827.2,NaN
43560.01,5,0.356,829.4,NaN
43620.01,5,0.35,832.6,NaN
43680.01,5,0.596,835.8,NaN
43740.01,5,0.33799999999999997,839.0,NaN
43800.01,5,0.42000000000000004,842.0,NaN
43860.01,5,0.618,845.4,NaN
43920.01,5,0.692,849.4,NaN
43980.01,5,0.372,852.8,NaN
44040.01,5,0.382,857.2,NaN
44100.01,5,0.5159999999999999,861.0,NaN
44160.01,5,0.44800000000000006,864.8,NaN
44220.01,5,0.46799999999999997,868.0,NaN
44280.01,5,0.458,871.6,NaN
44340.01,5,0.42400000000000004,873.2,NaN
44400.01,5,0.38599999999999995,876.8,NaN
44460.01,5,0.352,879.4,NaN
44520.01,5,0.558,881.0,NaN
44580.01,5,0.368,883.6,NaN
44640.01,5,0.33799999999999997,886.6,NaN
44700.01,5,0.364,891.2,NaN
44760.01,5,0.386,894.2,NaN
44820.01,5,0.34199999999999997,897.4,NaN
44880.01,5,0.42000000000000004,901.4,NaN
44940.01,5,0.554,905.2,NaN
45000.01,5,0.42800000000000005,907.6,NaN
45060.01,5,0.302,911.2,NaN
45120.01,5,0.27999999999999997,913.6,NaN
45180.01,5,0.554,916.6,NaN
45240.01,5,0.5519999999999999,919.6,NaN
45300.01,5,0.358,923.0,NaN
45360.01,5,0.262,927.4,NaN
45420.01,5,0.392,930.8,NaN
45480.01,5,0.554,934.8,NaN
45540.01,5,0.4640000000000001,937.4,NaN
45600.01,5,0.544,940.6,NaN
45660.01,5,0.52,945.6,NaN
45720.01,5,0.44800000000000006,947.8,NaN
45780.01,5,0.5860000000000001,951.4,NaN
45840.01,5,0.4720000000000001,953.6,NaN
45900.01,5,0.604,957.6,NaN
45960.01,5,0.446,961.0,NaN
46020.01,5,0.28600000000000003,964.8,NaN
46080.01,5,0.6940000000000001,968.4,NaN
46140.01,5,0.33399999999999996,971.2,NaN
46200.01,5,0.386,974.2,NaN
46260.01,5,0.632,977.4,NaN
46320.01,5,0.442,981.4,NaN
46380.01,5,0.244,985.8,NaN
46440.01,5,0.518,988.4,NaN
46500.01,5,0.5319999999999998,993.2,NaN
46560.01,5,0.41800000000000004,996.2,NaN
46620.01,5,0.376,998.6,NaN
46680.01,5,0.346,1002.6,NaN
46740.01,5,0.386,1006.6,NaN
46800.01,5,0.33999999999999997,1010.6,NaN
46860.01,5,0.354,1011.8,NaN
46920.01,5,0.42000000000000004,1014.0,NaN
46980.01,5,0.24,1015.8,NaN
47040.01,5,0.6000000000000001,1017.4,NaN
47100.01,5,0.42400000000000004,1019.6,NaN
47160.01,5,0.29,1021.2,NaN
47220.01,5,0.42000000000000004,1022.4,NaN
47280.01,5,0.434,1023.8,NaN
47340.01,5,0.438,1024.8,NaN
47400.01,5,0.5,1027.4,NaN
47460.01,5,0.52,1029.0,NaN
47520.01,5,0.41400000000000003,1030.6,NaN
47580.01,5,0.518,1031.2,NaN
47640.01,5,0.45199999999999996,1032.6,NaN
47700.01,5,0.43,1033.6,NaN
47760.01,5,0.396,1034.8,NaN
47820.01,5,0.55,1036.6,NaN
47880.01,5,0.334,1039.2,NaN
47940.01,5,0.488,1040.8,NaN
48000.01,5,0.534,1043.0,NaN
48060.01,5,0.374,1043.8,NaN
48120.01,5,0.42800000000000005,1045.6,NaN
48180.01,5,0.49400000000000005,1046.4,NaN
48240.01,5,0.476,1047.8,NaN
48300.01,5,0.404,1049.6,NaN
48360.01,5,0.5,1051.2,NaN
48420.01,5,0.48200000000000004,1052.2,NaN
48480.01,5,0.44800000000000006,1053.2,NaN
48540.01,5,0.484,1054.6,NaN
48600.01,5,0.382,1057.2,NaN
48660.01,5,0.404,1059.0,NaN
48720.01,5,0.508,1060.8,NaN
48780.01,5,0.42799999999999994,1062.2,NaN
48840.01,5,0.45,1063.6,NaN
48900.01,5,0.366,1065.4,NaN
48960.01,5,0.49799999999999994,1067.4,NaN
49020.01,5,0.506,1068.4,NaN
49080.01,5,0.42800000000000005,1070.2,NaN
49140.01,5,0.52,1072.6,NaN
49200.01,5,0.386,1075.8,NaN
49260.01,5,0.352,1077.0,NaN
49320.01,5,0.4619999999999999,1079.0,NaN
49380.01,5,0.618,1080.4,NaN
49440.01,5,0.4960000000000001,1082.0,NaN
49500.01,5,0.378,1083.8,NaN
49560.01,5,0.5700000000000001,1085.4,NaN
49620.01,5,0.524,1087.6,NaN
49680.01,5,0.45600000000000007,1089.8,NaN
49740.01,5,0.44399999999999995,1092.8,NaN
49800.01,5,0.47400000000000003,1094.4,NaN
49860.01,5,0.3,1096.0,NaN
49920.01,5,0.43,1097.8,NaN
49980.01,5,0.438,1099.6,NaN
50040.01,5,0.488,1100.6,NaN
50100.01,5,0.42799999999999994,1102.2,NaN
50160.01,5,0.49000000000000005,1104.2,NaN
50220.01,5,0.392,1105.8,NaN
50280.01,5,0.368,1106.8,NaN
50340.01,5,0.44400000000000006,1107.8,NaN
50400.01,5,0.484,1108.4,NaN
50460.01,5,0.35,1110.6,NaN
50520.01,5,0.426,1112.2,NaN
50580.01,5,0.346,1116.0,NaN
50640.01,5,0.554,1118.4,NaN
50700.01,5,0.326,1121.0,NaN
50760.01,5,0.20800000000000002,1122.6,NaN
50820.01,5,0.38,1125.0,NaN
50880.01,5,0.554,1128.2,NaN
50940.01,5,0.404,1131.6,NaN
51000.01,5,0.384,1133.8,NaN
51060.01,5,0.5,1137.0,NaN
51120.01,5,0.42200000000000004,1139.6,NaN
51180.01,5,0.45600000000000007,1143.2,NaN
51240.01,5,0.388,1145.6,NaN
51300.01,5,0.446,1149.0,NaN
51360.01,5,0.6779999999999999,1152.0,NaN
51420.01,5,0.5640000000000001,1153.2,NaN
51480.01,5,0.558,1155.6,NaN
51540.01,5,0.472,1158.4,NaN
51600.01,5,0.546,1161.4,NaN
51660.01,5,0.33199999999999996,1164.2,NaN
51720.01,5,0.6419999999999999,1167.6,NaN
51780.01,5,0.57,1171.4,NaN
51840.01,5,0.33599999999999997,1173.6,NaN
51900.01,5,0.5119999999999999,1175.8,NaN
51960.01,5,0.394,1178.8,NaN
52020.01,5,0.308,1181.2,NaN
52080.01,5,0.458,1183.8,NaN
52140.01,5,0.56,1186.4,NaN
52200.01,5,0.34800000000000003,1189.4,NaN
52260.01,5,0.382,1192.0,NaN
52320.01,5,0.404,1196.4,NaN
52380.01,5,0.29800000000000004,1199.4,NaN
52440.01,5,0.4,1202.2,NaN
52500.01,5,0.384,1205.0,NaN
52560.01,5,0.548,1209.6,NaN
52620.01,5,0.462,1212.2,NaN
52680.01,5,0.506,1216.0,NaN
52740.01,5,0.48200000000000004,1219.0,NaN
52800.01,5,0.4739999999999999,1222.0,NaN
52860.01,5,0.5999999999999999,1225.2,NaN
52920.01,5,0.35,1228.0,NaN
52980.01,5,0.40800000000000003,1231.0,NaN
53040.01,5,0.31199999999999994,1234.0,NaN
53100.01,5,0.5700000000000001,1236.2,NaN
53160.01,5,0.558,1238.8,NaN
53220.01,5,0.34199999999999997,1243.0,NaN
53280.01,5,0.518,1246.8,NaN
53340.01,5,0.514,1248.8,NaN
53400.01,5,0.258,1250.8,NaN
53460.01,5,0.374,1253.2,NaN
53520.01,5,0.5399999999999999,1255.6,NaN
53580.01,5,0.39799999999999996,1258.2,NaN
53640.01,5,0.386,1260.2,NaN
53700.01,5,0.658,1262.4,NaN
53760.01,5,0.5359999999999999,1265.0,NaN
53820.01,5,0.372,1268.2,NaN
53880.01,5,0.362,1272.8,NaN
53940.01,5,0.6359999999999999,1276.8,NaN
54000.01,5,0.45999999999999996,1280.2,NaN
54060.01,5,0.43199999999999994,1283.0,NaN
54120.01,5,0.504,1286.4,NaN
54180.01,5,0.32399999999999995,1289.4,NaN
54240.01,5,0.48599999999999993,1292.8,NaN
54300.01,5,0.534,1296.6,NaN
54360.01,5,0.40599999999999997,1300.0,NaN
54420.01,5,0.34199999999999997,1303.2,NaN
54480.01,5,0.524,1307.6,NaN
54540.01,5,0.386,1312.4,NaN
54600.01,5,0.40199999999999997,1316.8,NaN
54660.01,5,0.316,1322.4,NaN
54720.01,5,0.506,1325.6,NaN
54780.01,5,0.44400000000000006,1328.4,NaN
54840.01,5,0.496,1330.2,NaN
54900.01,5,0.386,1332.8,NaN
54960.01,5,0.508,1336.2,NaN
55020.01,5,0.58,1339.2,NaN
55080.01,5,0.504,1342.6,NaN
55140.01,5,0.47000000000000003,1347.4,NaN
55200.01,5,0.47400000000000003,1351.4,NaN
55260.01,5,0.41600000000000004,1354.4,NaN
55320.01,5,0.376,1357.4,NaN
55380.01,5,0.328,1360.2,NaN
55440.01,5,0.588,1363.2,NaN
55500.01,5,0.34199999999999997,1366.4,NaN
55560.01,5,0.48,1368.4,NaN
55620.01,5,0.384,1372.6,NaN
55680.01,5,0.534,1377.2,NaN
55740.01,5,0.58,1379.8,NaN
55800.01,5,0.48200000000000004,1382.6,NaN
55860.01,5,0.426,1384.4,NaN
55920.01,5,0.43200000000000005,1388.4,NaN
55980.01,5,0.404,1390.8,NaN
56040.01,5,0.4640000000000001,1394.6,NaN
56100.01,5,0.438,1397.6,NaN
56160.01,5,0.43,1399.4,NaN
56220.01,5,0.5239999999999999,1402.8,NaN
56280.01,5,0.32399999999999995,1407.0,NaN
56340.01,5,0.45,1409.8,NaN
56400.01,5,0.34600000000000003,1412.4,NaN
56460.01,5,0.33999999999999997,1415.0,NaN
56520.01,5,0.348,1418.4,NaN
56580.01,5,0.298,1420.8,NaN
56640.01,5,0.476,1422.8,NaN
56700.01,5,0.6119999999999999,1426.8,NaN
56760.01,5,0.414,1429.6,NaN
56820.01,5,0.47800000000000004,1431.6,NaN
56880.01,5,0.53,1434.0,NaN
56940.01,5,0.526,1438.2,NaN
57000.01,5,0.542,1440.4,NaN
57060.01,5,0.356,1443.2,NaN
57120.01,5,0.40599999999999997,1446.8,NaN
57180.01,5,0.702,1451.2,NaN
57240.01,5,0.636,1453.8,NaN
57300.01,5,0.396,1456.2,NaN
57360.01,5,0.502,1459.8,NaN
57420.01,5,0.38,1461.4,NaN
57480.01,5,0.356,1465.6,NaN
57540.01,5,0.5700000000000001,1468.0,NaN
57600.01,5,0.40800000000000003,1472.6,NaN
57660.01,5,0.7260000000000001,1476.4,NaN
57720.01,5,0.374,1479.2,NaN
57780.01,5,0.404,1482.8,NaN
57840.01,5,0.68,1486.6,NaN
57900.01,5,0.51,1489.2,NaN
57960.01,5,0.48599999999999993,1492.2,NaN
58020.01,5,0.382,1495.2,NaN
58080.01,5,0.42799999999999994,1498.2,NaN
58140.01,5,0.6460000000000001,1501.0,NaN
58200.01,5,0.368,1505.0,NaN
58260.01,5,0.396,1508.4,NaN
58320.01,5,0.484,1512.2,NaN
58380.01,5,0.616,1514.8,NaN
58440.01,5,0.646,1517.4,NaN
58500.01,5,0.528,1520.2,NaN
58560.01,5,0.422,1523.4,NaN
58620.01,5,0.614,1526.6,NaN
58680.01,5,0.42799999999999994,1530.0,NaN
58740.01,5,0.462,1533.6,NaN
58800.01,5,0.43000000000000005,1537.8,NaN
58860.01,5,0.26400000000000007,1541.0,NaN
58920.01,5,0.38,1544.8,NaN
58980.01,5,0.418,1548.2,NaN
59040.01,5,0.304,1551.2,NaN
59100.01,5,0.48,1555.2,NaN
59160.01,5,0.356,1557.8,NaN
59220.01,5,0.378,1561.4,NaN
59280.01,5,0.308,1564.0,NaN
59340.01,5,0.53,1567.2,NaN
59400.01,5,0.396,1570.2,NaN
59460.01,5,0.548,1573.2,NaN
59520.01,5,0.44399999999999995,1577.4,NaN
59580.01,5,0.42000000000000004,1581.0,NaN
59640.01,5,0.5319999999999999,1584.0,NaN
59700.01,5,0.42799999999999994,1587.0,NaN
59760.01,5,0.418,1589.8,NaN
59820.01,5,0.47000000000000003,1593.8,NaN
59880.01,5,0.40800000000000003,1596.0,NaN
59940.01,5,0.466,1599.2,NaN
60000.01,5,0.41200000000000003,1602.8,NaN
60060.01,5,0.5299999999999999,1606.4,NaN
60120.01,5,0.5119999999999999,1610.0,NaN
60180.01,5,0.258,1613.0,NaN
60240.01,5,0.53,1614.6,NaN
60300.01,5,0.438,1618.0,NaN
60360.01,5,0.304,1621.0,NaN
60420.01,5,0.4779999999999999,1624.2,NaN
60480.01,5,0.49400000000000005,1626.6,NaN
60540.01,5,0.322,1630.2,NaN
60600.01,5,0.3,1632.4,NaN
60660.01,5,0.418,1637.2,NaN
60720.01,5,0.484,1639.6,NaN
60780.01,5,0.398,1643.0,NaN
60840.01,5,0.33599999999999997,1646.0,NaN
60900.01,5,0.49000000000000005,1649.0,NaN
60960.01,5,0.524,1653.8,NaN
61020.01,5,0.36,1657.0,NaN
61080.01,5,0.388,1659.8,NaN
61140.01,5,0.32999999999999996,1664.0,NaN
61200.01,5,0.506,1668.2,NaN
61260.01,5,0.454,1671.0,NaN
61320.01,5,0.406,1674.4,NaN
61380.01,5,0.33599999999999997,1676.8,NaN
61440.01,5,0.49000000000000005,1679.6,NaN
61500.01,5,0.33599999999999997,1681.6,NaN
61560.01,5,0.4,1686.4,NaN
61620.01,5,0.466,1690.4,NaN
61680.01,5,0.336,1694.2,NaN
61740.01,5,0.5459999999999999,1697.8,NaN
61800.01,5,0.294,1701.8,NaN
61860.01,5,0.536,1703.6,NaN
61920.01,5,0.32999999999999996,1706.8,NaN
61980.01,5,0.4880000000000001,1708.8,NaN
62040.01,5,0.458,1712.4,NaN
62100.01,5,0.426,1715.6,NaN
62160.01,5,0.258,1719.2,NaN
62220.01,5,0.34199999999999997,1723.8,NaN
62280.01,5,0.53,1727.8,NaN
62340.01,5,0.5519999999999999,1732.0,NaN
62400.01,5,0.642,1737.0,NaN
62460.01,5,0.602,1740.0,NaN
62520.01,5,0.454,1743.4,NaN
62580.01,5,0.496,1746.4,NaN
62640.01,5,0.46799999999999997,1749.0,NaN
62700.01,5,0.45,1752.2,NaN
62760.01,5,0.364,1755.2,NaN
62820.01,5,0.472,1759.6,NaN
62880.01,5,0.426,1763.2,NaN
62940.01,5,0.45599999999999996,1765.8,NaN
63000.01,5,0.352,1768.2,NaN
63060.01,5,0.574,1771.4,NaN
63120.01,5,0.33399999999999996,1775.0,NaN
63180.01,5,0.542,1778.0,NaN
63240.01,5,0.382,1780.0,NaN
63300.01,5,0.556,1783.4,NaN
63360.01,5,0.30200000000000005,1786.0,NaN
63420.01,5,0.4659999999999999,1789.6,NaN
63480.01,5,0.42800000000000005,1793.2,NaN
63540.01,5,0.638,1799.0,NaN
63600.01,5,0.548,1803.0,NaN
63660.01,5,0.582,1805.8,NaN
63720.01,5,0.33799999999999997,1809.0,NaN
63780.01,5,0.29799999999999993,1811.8,NaN
63840.01,5,0.5399999999999999,1816.4,NaN
63900.01,5,0.45999999999999996,1820.0,NaN
63960.01,5,0.606,1822.8,NaN
64020.01,5,0.29800000000000004,1826.6,NaN
64080.01,5,0.22999999999999998,1828.8,NaN
64140.01,5,0.518,1831.8,NaN
64200.01,5,0.314,1834.6,NaN
64260.01,5,0.506,1838.6,NaN
64320.01,5,0.59,1841.6,NaN
64380.01,5,0.40800000000000003,1842.4,NaN
64440.01,5,0.49000000000000005,1846.8,NaN
64500.01,5,0.414,1849.8,NaN
64560.01,5,0.604,1854.0,NaN
64620.01,5,0.576,1857.2,NaN
64680.01,5,0.42000000000000004,1860.8,NaN
64740.01,5,0.39,1864.2,NaN
64800.01,5,0.496,1868.6,NaN
64860.01,5,0.42800000000000005,1870.2,NaN
64920.01,5,0.568,1872.0,NaN
64980.01,5,0.312,1873.6,NaN
65040.01,5,0.502,1876.2,NaN
65100.01,5,0.388,1878.2,NaN
65160.01,5,0.43600000000000005,1880.6,NaN
65220.01,5,0.546,1882.2,NaN
65280.01,5,0.32,1883.2,NaN
65340.01,5,0.462,1884.2,NaN
65400.01,5,0.4800000000000001,1885.4,NaN
65460.01,5,0.47800000000000004,1886.4,NaN
65520.01,5,0.46799999999999997,1887.8,NaN
65580.01,5,0.47000000000000003,1889.0,NaN
65640.01,5,0.492,1890.2,NaN
65700.01,5,0.458,1891.6,NaN
65760.01,5,0.33999999999999997,1893.2,NaN
65820.01,5,0.536,1895.4,NaN
65880.01,5,0.384,1897.2,NaN
65940.01,5,0.51,1899.2,NaN
66000.01,5,0.584,1901.0,NaN
66060.01,5,0.382,1902.6,NaN
66120.01,5,0.328,1905.2,NaN
66180.01,5,0.51,1906.4,NaN
66240.01,5,0.48,1908.0,NaN
66300.01,5,0.526,1910.4,NaN
66360.01,5,0.438,1911.8,NaN
66420.01,5,0.396,1913.6,NaN
66480.01,5,0.35,1914.6,NaN
66540.01,5,0.508,1915.0,NaN
66600.01,5,0.38,1917.0,NaN
66660.01,5,0.39,1917.8,NaN
66720.01,5,0.384,1919.4,NaN
66780.01,5,0.348,1920.8,NaN
66840.01,5,0.39799999999999996,1922.0,NaN
66900.01,5,0.49000000000000005,1925.0,NaN
66960.01,5,0.41400000000000003,1927.2,NaN
67020.01,5,0.40800000000000003,1929.0,NaN
67080.01,5,0.4079999999999999,1931.6,NaN
67140.01,5,0.40800000000000003,1932.6,NaN
67200.01,5,0.532,1934.8,NaN
67260.01,5,0.504,1937.0,NaN
67320.01,5,0.438,1938.6,NaN
67380.01,5,0.35,1941.2,NaN
67440.01,5,0.418,1943.2,NaN
67500.01,5,0.446,1945.4,NaN
67560.01,5,0.40800000000000003,1946.8,NaN
67620.01,5,0.434,1948.2,NaN
67680.01,5,0.38,1949.6,NaN
67740.01,5,0.404,1950.8,NaN
67800.01,5,0.346,1954.6,NaN
67860.01,5,0.384,1956.6,NaN
67920.01,5,0.25399999999999995,1959.0,NaN
67980.01,5,0.396,1961.2,NaN
68040.01,5,0.43000000000000005,1963.8,NaN
68100.01,5,0.19,1965.8,NaN
68160.01,5,0.6679999999999999,1967.2,NaN
68220.01,5,0.44600000000000006,1967.8,NaN
68280.01,5,0.472,1970.2,NaN
68340.01,5,0.442,1972.0,NaN
68400.01,5,0.378,1973.8,NaN
68460.01,5,0.454,1975.0,NaN
68520.01,5,0.4,1976.6,NaN
68580.01,5,0.376,1978.0,NaN
68640.01,5,0.426,1979.2,NaN
68700.01,5,0.374,1979.6,NaN
68760.01,5,0.242,1980.0,NaN
68820.01,5,0.298,1981.0,NaN
68880.01,5,0.524,1982.6,NaN
68940.01,5,0.626,1983.0,NaN
69000.01,5,0.5780000000000001,1983.4,NaN
69060.01,5,0.554,1984.6,NaN
69120.01,5,0.49399999999999994,1986.4,NaN
69180.01,5,0.558,1987.0,NaN
69240.01,5,0.5,1988.2,NaN
69300.01,5,0.34400000000000003,1989.4,NaN
69360.01,5,0.5479999999999999,1990.6,NaN
69420.01,5,0.404,1992.4,NaN
69480.01,5,0.554,1994.2,NaN
69540.01,5,0.41999999999999993,1995.4,NaN
69600.01,5,0.434,1996.8,NaN
69660.01,5,0.42000000000000004,1997.6,NaN
69720.01,5,0.49400000000000005,1999.4,NaN
69780.01,5,0.398,2001.6,NaN
69840.01,5,0.33599999999999997,2003.2,NaN
69900.01,5,0.45,2005.4,NaN
69960.01,5,0.354,2006.6,NaN
70020.01,5,0.46399999999999997,2008.0,NaN
70080.01,5,0.6040000000000001,2010.0,NaN
70140.01,5,0.392,2011.2,NaN
70200.01,5,0.492,2011.6,NaN
70260.01,5,0.45199999999999996,2014.4,NaN
70320.01,5,0.352,2015.4,NaN
70380.01,5,0.43999999999999995,2017.4,NaN
70440.01,5,0.366,2018.8,NaN
70500.01,5,0.562,2020.2,NaN
70560.01,5,0.41600000000000004,2021.2,NaN
70620.01,5,0.49000000000000005,2022.0,NaN
70680.01,5,0.546,2023.0,NaN
70740.01,5,0.476,2024.2,NaN
70800.01,5,0.5980000000000001,2025.0,NaN
70860.01,5,0.666,2025.8,NaN
70920.01,5,0.364,2027.0,NaN
70980.01,5,0.386,2028.8,NaN
71040.01,5,0.42799999999999994,2030.2,NaN
71100.01,5,0.45200000000000007,2031.8,NaN
71160.01,5,0.4880000000000001,2033.8,NaN
71220.01,5,0.45599999999999996,2034.6,NaN
71280.01,5,0.366,2036.8,NaN
71340.01,5,0.45600000000000007,2038.6,NaN
71400.01,5,0.396,2040.0,NaN
71460.01,5,0.54,2041.6,NaN
71520.01,5,0.45999999999999996,2042.6,NaN
71580.01,5,0.426,2043.8,NaN
71640.01,5,0.4640000000000001,2045.4,NaN
71700.01,5,0.45199999999999996,2046.6,NaN
71760.01,5,0.39399999999999996,2048.0,NaN
71820.01,5,0.45199999999999996,2048.6,NaN
71880.01,5,0.454,2050.6,NaN
71940.01,5,0.5199999999999999,2052.2,NaN
72000.01,5,0.49400000000000005,2054.0,NaN
72060.01,5,0.418,2054.6,NaN
72120.01,5,0.43,2055.8,NaN
72180.01,5,0.42400000000000004,2056.4,NaN
72240.01,5,0.366,2057.2,NaN
72300.01,5,0.348,2057.8,NaN
72360.01,5,0.4839999999999999,2058.8,NaN
72420.01,5,0.45600000000000007,2058.8,NaN
72480.01,5,0.42400000000000004,2058.8,NaN
72540.01,5,0.32,2058.2,NaN
72600.01,5,0.384,2058.4,NaN
72660.01,5,0.516,2059.0,NaN
72720.01,5,0.5279999999999999,2059.0,NaN
72780.01,5,0.384,2058.2,NaN
72840.01,5,0.256,2057.6,NaN
72900.01,5,0.28800000000000003,2057.8,NaN
72960.01,5,0.352,2058.2,NaN
73020.01,5,0.384,2058.2,NaN
73080.01,5,0.28800000000000003,2057.6,NaN
73140.01,5,0.32,2058.2,NaN
73200.01,5,0.40800000000000003,2058.4,NaN
73260.01,5,0.40800000000000003,2058.6,NaN
73320.01,5,0.384,2058.6,NaN
73380.01,5,0.41600000000000004,2058.4,NaN
73440.01,5,0.45199999999999996,2058.6,NaN
73500.01,5,0.384,2058.4,NaN
73560.01,5,0.22400000000000003,2057.4,NaN
73620.01,5,0.16,2057.0,NaN
73680.01,5,0.16,2057.0,NaN
73740.01,5,0.22400000000000003,2057.2,NaN
73800.01,5,0.28800000000000003,2057.8,NaN
73860.01,5,0.32,2058.0,NaN
73920.01,5,0.32,2058.2,NaN
73980.01,5,0.41600000000000004,2058.6,NaN
74040.01,5,0.256,2057.6,NaN
74100.01,5,0.28800000000000003,2057.8,NaN
74160.01,5,0.28800000000000003,2058.0,NaN
74220.01,5,0.32,2058.0,NaN
74280.01,5,0.35200000000000004,2058.2,NaN
74340.01,5,0.256,2057.4,NaN
74400.01,5,0.25599999999999995,2057.8,NaN
74460.01,5,0.35200000000000004,2058.0,NaN
74520.01,5,0.45599999999999996,2058.6,NaN
74580.01,5,0.41000000000000003,2058.4,NaN
74640.01,5,0.256,2057.6,NaN
74700.01,5,0.22399999999999998,2057.6,NaN
74760.01,5,0.41600000000000004,2058.8,NaN
74820.01,5,0.44800000000000006,2058.8,NaN
74880.01,5,0.41600000000000004,2058.6,NaN
74940.01,5,0.288,2057.8,NaN
75000.01,5,0.384,2058.4,NaN
75060.01,5,0.35200000000000004,2058.2,NaN
75120.01,5,0.352,2058.4,NaN
75180.01,5,0.28800000000000003,2057.6,NaN
75240.01,5,0.22400000000000003,2057.4,NaN
75300.01,5,0.256,2057.6,NaN
75360.01,5,0.32,2058.0,NaN
75420.01,5,0.32,2058.0,NaN
75480.01,5,0.288,2057.8,NaN
75540.01,5,0.128,2056.8,NaN
75600.01,5,0.096,2056.6,NaN
75600.01,0,NaN,NaN,NaN
75660.01,4,0.12,2060.0,NaN
75720.01,4,0.08,2059.75,NaN
75780.01,4,0.20500000000000002,2060.75,NaN
75840.01,4,0.4,2061.75,NaN
75900.01,4,0.5800000000000001,2062.5,NaN
75960.01,4,0.44,2062.0,NaN
76020.01,4,0.32,2061.25,NaN
76080.01,4,0.28,2061.0,NaN
76140.01,4,0.28,2061.25,NaN
76200.01,4,0.32,2061.25,NaN
76260.01,4,0.28,2061.0,NaN
76320.01,4,0.24,2060.75,NaN
76380.01,4,0.2,2060.75,NaN
76440.01,4,0.32,2061.25,NaN
76500.01,4,0.32,2061.25,NaN
76560.01,4,0.44,2062.0,NaN
76620.01,4,0.4,2061.75,NaN
76680.01,4,0.6275000000000001,2063.0,NaN
76740.01,4,0.7275,2063.0,NaN
76800.01,4,0.7275,2063.25,NaN
76860.01,4,0.725,2063.5,NaN
76920.01,4,0.7324999999999999,2063.5,NaN
76980.01,4,0.38999999999999996,2063.0,NaN
77040.01,4,0.24,2062.0,NaN
77100.01,4,0.1275,2061.25,NaN
77160.01,4,0.16,2061.5,NaN
77220.01,4,0.36250000000000004,2062.75,NaN
77280.01,4,0.44,2063.25,NaN
77340.01,4,0.61,2064.25,NaN
77400.01,4,0.7775000000000001,2064.75,NaN
77460.01,4,0.6799999999999999,2066.0,NaN
77520.01,4,0.585,2066.0,NaN
77580.01,4,0.5549999999999999,2066.75,NaN
77640.01,4,0.27749999999999997,2067.0,NaN
77700.01,4,0.23000000000000004,2067.5,NaN
77760.01,4,0.32,2068.0,NaN
77820.01,4,0.43,2068.5,NaN
77880.01,4,0.4,2068.5,NaN
77940.01,4,0.32,2068.0,NaN
78000.01,4,0.24,2067.25,NaN
78060.01,4,0.4,2068.5,NaN
78120.01,4,0.51,2069.0,NaN
78180.01,4,0.495,2068.75,NaN
78240.01,4,0.4,2068.5,NaN
78300.01,4,0.32,2067.5,NaN
78360.01,4,0.32,2067.75,NaN
78420.01,4,0.32,2068.0,NaN
78480.01,4,0.32,2068.25,NaN
78540.01,4,0.24,2067.5,NaN
78600.01,4,0.2,2067.5,NaN
78660.01,4,0.24,2067.5,NaN
78720.01,4,0.2,2067.0,NaN
78780.01,4,0.32,2068.0,NaN
78840.01,4,0.27999999999999997,2067.75,NaN
78900.01,4,0.32,2068.0,NaN
78960.01,4,0.32,2068.25,NaN
79020.01,4,0.48,2069.0,NaN
79080.01,4,0.4,2068.75,NaN
79140.01,4,0.48,2068.75,NaN
79200.01,4,0.48,2069.0,NaN
79260.01,4,0.55,2069.0,NaN
79320.01,4,0.24000000000000002,2067.5,NaN
79380.01,4,0.24,2067.5,NaN
79440.01,4,0.24000000000000002,2067.5,NaN
79500.01,4,0.28,2067.75,NaN
79560.01,4,0.24000000000000002,2067.5,NaN
79620.01,4,0.2,2067.25,NaN
79680.01,4,0.27999999999999997,2067.75,NaN
79740.01,4,0.36000000000000004,2068.25,NaN
79800.01,4,0.32,2068.0,NaN
79860.01,4,0.2,2067.25,NaN
79920.01,4,0.12,2066.75,NaN
79980.01,4,0.12,2066.75,NaN
80040.01,4,0.24,2067.5,NaN
80100.01,4,0.4,2068.5,NaN
80160.01,4,0.55,2069.25,NaN
80220.01,4,0.4,2068.5,NaN
80280.01,4,0.44,2068.75,NaN
80340.01,4,0.48,2069.0,NaN
80400.01,4,0.4,2068.5,NaN
80460.01,4,0.32,2067.75,NaN
80520.01,4,0.24,2067.5,NaN
80580.01,4,0.32,2068.0,NaN
80640.01,4,0.4,2068.5,NaN
80700.01,4,0.37000000000000005,2068.25,NaN
80760.01,4,0.32,2068.0,NaN
80820.01,4,0.2,2067.25,NaN
80880.01,4,0.12,2066.75,NaN
80940.01,4,0.16,2067.0,NaN
81000.01,4,0.24,2067.5,NaN
81060.01,4,0.24,2067.5,NaN
81120.01,4,0.2,2067.25,NaN
81180.01,4,0.2,2067.25,NaN
81240.01,4,0.2,2067.25,NaN
81300.01,4,0.16,2067.0,NaN
81360.01,4,0.24,2067.5,NaN
81420.01,4,0.32,2068.25,NaN
81480.01,4,0.4,2068.25,NaN
81540.01,4,0.3625,2068.0,NaN
81600.01,4,0.4,2068.5,NaN
81660.01,4,0.32,2068.0,NaN
81720.01,4,0.3625,2068.25,NaN
81780.01,4,0.24000000000000002,2067.5,NaN
81840.01,4,0.36250000000000004,2068.25,NaN
81900.01,4,0.24000000000000002,2067.5,NaN
81960.01,4,0.36000000000000004,2068.0,NaN
82020.01,4,0.20500000000000002,2067.25,NaN
82080.01,4,0.20500000000000002,2067.25,NaN
82140.01,4,0.16,2067.0,NaN
82200.01,4,0.16,2067.0,NaN
82260.01,4,0.12,2066.75,NaN
82320.01,4,0.12,2067.0,NaN
82380.01,4,0.16,2066.75,NaN
82440.01,4,0.2,2067.25,NaN
82500.01,4,0.2,2067.25,NaN
82560.01,4,0.24000000000000002,2067.75,NaN
82620.01,4,0.2,2067.25,NaN
82680.01,4,0.24,2067.5,NaN
82740.01,4,0.24000000000000002,2067.25,NaN
82800.01,4,0.32,2068.0,NaN
82860.01,4,0.4,2068.5,NaN
82920.01,4,0.32,2068.0,NaN
82980.01,4,0.27999999999999997,2067.5,NaN
83040.01,4,0.16,2067.25,NaN
83100.01,4,0.08,2066.5,NaN
83100.01,0,NaN,NaN,NaN
83160.01,3,0.05333333333333334,2065.6666666666665,NaN
83220.01,3,0.22,2066.6666666666665,NaN
83280.01,3,0.3466666666666667,2067.3333333333335,NaN
83340.01,3,0.43333333333333335,2068.0,NaN
83400.01,3,0.43333333333333335,2068.0,NaN
83460.01,3,0.43333333333333335,2068.0,NaN
83520.01,3,0.32,2067.3333333333335,NaN
83580.01,3,0.39000000000000007,2068.0,NaN
83640.01,3,0.32,2067.3333333333335,NaN
83700.01,3,0.26666666666666666,2067.0,NaN
83760.01,3,0.26666666666666666,2066.6666666666665,NaN
83820.01,3,0.22,2066.3333333333335,NaN
83880.01,3,0.16,2066.3333333333335,NaN
83940.01,3,0.16,2066.3333333333335,NaN
84000.01,3,0.16,2066.3333333333335,NaN
84060.01,3,0.26666666666666666,2067.0,NaN
84120.01,3,0.22,2066.3333333333335,NaN
84180.01,3,0.22,2066.6666666666665,NaN
84240.01,3,0.16,2066.3333333333335,NaN
84300.01,3,0.10666666666666667,2066.0,NaN
84360.01,3,0.16,2066.3333333333335,NaN
84420.01,3,0.10666666666666667,2066.0,NaN
84480.01,3,0.16,2066.0,NaN
84540.01,3,0.05333333333333334,2065.6666666666665,NaN
84540.01,0,NaN,NaN,NaN
84600.01,2,0.18,2073.0,NaN
84660.01,2,0.255,2073.5,NaN
84720.01,2,0.32,2074.0,NaN
84780.01,2,0.32,2074.0,NaN
84840.01,2,0.255,2073.5,NaN
84900.01,2,0.255,2073.5,NaN
84960.01,2,0.32,2073.5,NaN
85020.01,2,0.255,2073.5,NaN
85080.01,2,0.08,2072.5,NaN
85080.01,0,NaN,NaN,NaN
85140.01,1,0.36,2073.0,NaN
85200.01,1,0.56,2074.0,NaN
85260.01,1,0.92,2075.0,NaN
85260.01,0,NaN,NaN,NaN
85320.01,2,0.46,1037.5,NaN
85380.01,2,0.255,1037.0,NaN
85440.01,2,0.16,1037.0,NaN
85500.01,2,0.255,1037.0,NaN
85560.01,2,0.16,1036.5,NaN
85620.01,2,0.08,1036.0,NaN
85620.01,0,NaN,NaN,NaN
85680.01,1,0.16,2072.0,NaN
85740.01,1,0.36,2073.0,NaN
85800.01,1,0.92,2075.0,NaN
85800.01,0,NaN,NaN,NaN
85860.01,2,0.54,1038.0,NaN
85920.01,2,0.36000000000000004,1037.5,NaN
85980.01,2,0.32,1037.5,NaN
86040.01,2,0.4,1038.0,NaN
86100.01,2,0.33499999999999996,1037.5,NaN
86160.01,2,0.4,1038.0,NaN
86220.01,2,0.255,1037.0,NaN
86280.01,2,0.255,1037.0,NaN
86340.01,2,0.44000000000000006,1037.5,NaN
86400.01,2,0.44000000000000006,1038.5,NaN
86460.01,2,0.44000000000000006,1038.5,NaN
86520.01,2,0.32,1037.5,NaN
86580.01,2,0.56,1038.5,NaN
86640.01,2,0.7250000000000001,1039.0,NaN
86700.01,2,0.7250000000000001,1039.5,NaN
86760.01,2,0.56,1038.5,NaN
86820.01,2,0.8049999999999999,1038.5,NaN
86820.01,0,NaN,NaN,NaN
86880.01,3,0.3466666666666667,692.3333333333334,NaN
86940.01,3,0.26666666666666666,692.0,NaN
87000.01,3,0.26666666666666666,692.3333333333334,NaN
87060.01,3,0.32,692.0,NaN
87120.01,3,0.32,692.3333333333334,NaN
87180.01,3,0.22,691.6666666666666,NaN
87240.01,3,0.26666666666666666,692.3333333333334,NaN
87300.01,3,0.26666666666666666,692.0,NaN
87360.01,3,0.39000000000000007,692.6666666666666,NaN
87420.01,3,0.32,692.3333333333334,NaN
87480.01,3,0.32,692.3333333333334,NaN
87540.01,3,0.39000000000000007,692.3333333333334,NaN
87600.01,3,0.32,692.3333333333334,NaN
87660.01,3,0.26666666666666666,692.0,NaN
87720.01,3,0.26666666666666666,692.0,NaN
87780.01,3,0.32,692.3333333333334,NaN
87840.01,3,0.26666666666666666,692.0,NaN
87900.01,3,0.16,691.3333333333334,NaN
87960.01,3,0.10666666666666667,690.6666666666666,NaN
88020.01,2,0.08,691.0,NaN
88020.01,0,NaN,NaN,NaN
88080.01,2,0.26,1037.0,NaN
88140.01,2,0.26,1037.0,NaN
88200.01,2,0.4,1038.0,NaN
88260.01,2,0.32,1037.5,NaN
88320.01,2,0.56,1038.5,NaN
88380.01,2,0.56,1038.0,NaN
88440.01,2,0.32,1037.5,NaN
88500.01,2,0.255,1037.5,NaN
88560.01,2,0.255,1037.0,NaN
88620.01,2,0.255,1037.0,NaN
88680.01,2,0.32,1037.5,NaN
88740.01,2,0.16,1036.5,NaN
88800.01,2,0.255,1037.0,NaN
88860.01,2,0.255,1037.0,NaN
88920.01,2,0.255,1037.0,NaN
88980.01,2,0.08,1036.0,NaN
88980.01,0,NaN,NaN,NaN
89040.01,1,0.16,2072.0,NaN
89100.01,1,0.36,2073.0,NaN
89160.01,1,0.56,2074.0,NaN
89220.01,1,0.36,2073.0,NaN
89280.01,1,0.36,2073.0,NaN
89340.01,1,0.36,2073.0,NaN
89400.01,1,0.36,2073.0,NaN
89460.01,1,0.36,2073.0,NaN
89520.01,1,0.92,2075.0,NaN
89520.01,0,NaN,NaN,NaN
89580.01,2,0.54,1038.0,NaN
89640.01,2,0.54,1038.5,NaN
89700.01,2,0.32,1037.5,NaN
89760.01,2,0.32,1037.5,NaN
89820.01,2,0.32,1037.5,NaN
89880.01,2,0.255,1037.0,NaN
89940.01,2,0.32,1037.5,NaN
90000.01,2,0.44000000000000006,1038.0,NaN
90060.01,2,0.32,1037.5,NaN
90120.01,2,0.32,1037.0,NaN
90180.01,2,0.16,1036.5,NaN
90240.01,2,0.255,1037.0,NaN
90300.01,2,0.255,1037.0,NaN
90360.01,2,0.56,1038.5,NaN
90420.01,2,0.56,1038.5,NaN
90480.01,2,0.74,1039.0,NaN
90540.01,2,0.48,1038.5,NaN
90600.01,2,0.87,1039.5,NaN
90600.01,0,NaN,NaN,NaN
90660.01,3,0.3466666666666667,692.3333333333334,NaN
90720.01,3,0.45999999999999996,692.6666666666666,NaN
90780.01,3,0.32,692.3333333333334,NaN
90840.01,3,0.22,691.3333333333334,NaN
90900.01,3,0.16,691.3333333333334,NaN
90960.01,3,0.16,691.3333333333334,NaN
91020.01,3,0.16,691.3333333333334,NaN
91080.01,3,0.32,692.0,NaN
91140.01,3,0.32,692.3333333333334,NaN
91200.01,3,0.26666666666666666,692.3333333333334,NaN
91260.01,3,0.26666666666666666,691.6666666666666,NaN
91320.01,3,0.32,692.6666666666666,NaN
91380.01,3,0.43333333333333335,693.3333333333334,NaN
91440.01,3,0.43333333333333335,693.0,NaN
91500.01,3,0.39000000000000007,692.6666666666666,NaN
91560.01,3,0.26666666666666666,692.0,NaN
91620.01,3,0.26666666666666666,692.3333333333334,NaN
91680.01,3,0.26666666666666666,692.0,NaN
91740.01,3,0.32,692.3333333333334,NaN
91800.01,3,0.32,692.3333333333334,NaN
91860.01,3,0.38999999999999996,692.6666666666666,NaN
91920.01,3,0.26666666666666666,692.3333333333334,NaN
91980.01,3,0.32,692.3333333333334,NaN
92040.01,3,0.32,692.3333333333334,NaN
92100.01,3,0.32,692.6666666666666,NaN
92160.01,3,0.26666666666666666,692.0,NaN
92220.01,3,0.39000000000000007,692.3333333333334,NaN
92280.01,3,0.26666666666666666,692.0,NaN
92340.01,3,0.22,691.6666666666666,NaN
92400.01,3,0.16,691.3333333333334,NaN
92460.01,3,0.16,691.0,NaN
92520.01,3,0.16,691.3333333333334,NaN
92580.01,3,0.22,691.6666666666666,NaN
92640.01,3,0.22,691.6666666666666,NaN
92700.01,3,0.16,691.3333333333334,NaN
92760.01,3,0.10666666666666667,691.3333333333334,NaN
92820.01,3,0.22,692.0,NaN
92880.01,3,0.32,692.3333333333334,NaN
92940.01,3,0.43333333333333335,693.3333333333334,NaN
93000.01,3,0.39000000000000007,692.6666666666666,NaN
93060.01,3,0.32,692.3333333333334,NaN
93120.01,3,0.26666666666666666,692.0,NaN
93180.01,3,0.16,691.0,NaN
93240.01,3,0.22,692.0,NaN
93300.01,3,0.32,692.3333333333334,NaN
93360.01,3,0.43333333333333335,693.3333333333334,NaN
93420.01,3,0.39000000000000007,692.6666666666666,NaN
93480.01,3,0.39000000000000007,692.3333333333334,NaN
93540.01,3,0.22,691.6666666666666,NaN
93600.01,3,0.22,691.6666666666666,NaN
93660.01,3,0.37333333333333335,692.6666666666666,NaN
93720.01,3,0.37333333333333335,692.6666666666666,NaN
93780.01,3,0.32,692.0,NaN
93840.01,2,0.16,691.0,NaN
93900.01,1,0.16,690.6666666666666,NaN
93900.01,0,NaN,NaN,NaN
93960.01,2,0.16,1036.5,NaN
94020.01,2,0.4,1038.5,NaN
94080.01,2,0.87,1039.5,NaN
94080.01,0,NaN,NaN,NaN
94140.01,3,0.41333333333333333,692.6666666666666,NaN
94200.01,3,0.5866666666666667,693.6666666666666,NaN
94260.01,3,0.6866666666666666,694.0,NaN
94320.01,3,0.6133333333333333,693.6666666666666,NaN
94380.01,3,0.43333333333333335,693.0,NaN
94440.01,3,0.39000000000000007,692.6666666666666,NaN
94500.01,3,0.38999999999999996,692.6666666666666,NaN
94560.01,3,0.52,693.0,NaN
94620.01,3,0.32,692.6666666666666,NaN
94680.01,3,0.43333333333333335,693.0,NaN
94740.01,3,0.6666666666666666,694.0,NaN
94800.01,3,0.6666666666666666,694.0,NaN
94860.01,3,0.43333333333333335,693.0,NaN
94920.01,3,0.43333333333333335,693.0,NaN
94980.01,3,0.4266666666666667,693.3333333333334,NaN
95040.01,3,0.6699999999999999,694.0,NaN
95100.01,3,0.96,695.0,NaN
95100.01,0,NaN,NaN,NaN
95160.01,4,0.4575,520.25,NaN
95220.01,4,0.28,519.5,NaN
95280.01,4,0.2,519.0,NaN
95340.01,4,0.24000000000000002,519.25,NaN
95400.01,4,0.44,520.5,NaN
95460.01,4,0.48,520.75,NaN
95520.01,4,0.4,520.25,NaN
95580.01,4,0.32,520.0,NaN
95640.01,4,0.48,520.75,NaN
95700.01,4,0.6075,521.25,NaN
95760.01,4,0.7475,522.5,NaN
95820.01,4,0.595,522.75,NaN
95880.01,4,0.7224999999999999,523.75,NaN
95940.01,4,0.4475,525.0,NaN
96000.01,4,0.53,524.75,NaN
96060.01,4,0.4625,525.0,NaN
96120.01,4,0.4,524.5,NaN
96180.01,4,0.37,524.0,NaN
96240.01,4,0.2,523.25,NaN
96300.01,4,0.16,522.75,NaN
96360.01,3,0.16,522.75,NaN
96420.01,4,0.16,523.25,NaN
96480.01,4,0.28,523.75,NaN
96540.01,4,0.28,523.75,NaN
96600.01,4,0.27999999999999997,523.75,NaN
96660.01,4,0.16,523.0,NaN
96720.01,4,0.24000000000000002,523.5,NaN
96780.01,4,0.20500000000000002,523.25,NaN
96840.01,4,0.16,523.0,NaN
96900.01,4,0.20500000000000002,523.0,NaN
96960.01,4,0.20500000000000002,523.25,NaN
97020.01,4,0.32,524.0,NaN
97080.01,4,0.24,523.5,NaN
97140.01,4,0.24000000000000002,523.5,NaN
97200.01,4,0.20500000000000002,523.25,NaN
97260.01,4,0.20500000000000002,523.25,NaN
97320.01,4,0.32,524.25,NaN
97380.01,4,0.3625,524.25,NaN
97440.01,4,0.44,524.75,NaN
97500.01,4,0.37000000000000005,524.25,NaN
97560.01,4,0.32,524.0,NaN
97620.01,4,0.28,523.75,NaN
97680.01,4,0.28,523.75,NaN
97740.01,4,0.37000000000000005,524.25,NaN
97800.01,4,0.44,524.5,NaN
97860.01,4,0.5,524.75,NaN
97920.01,4,0.48,525.0,NaN
97980.01,4,0.4,524.5,NaN
98040.01,4,0.28,523.75,NaN
98100.01,4,0.36250000000000004,524.25,NaN
98160.01,4,0.48,525.0,NaN
98220.01,4,0.55,525.25,NaN
98280.01,4,0.44,524.75,NaN
98340.01,4,0.4,524.5,NaN
98400.01,4,0.2,523.25,NaN
98460.01,4,0.24000000000000002,523.5,NaN
98520.01,4,0.2,523.0,NaN
98580.01,4,0.28,523.75,NaN
98640.01,4,0.28,524.0,NaN
98700.01,4,0.37000000000000005,524.25,NaN
98760.01,4,0.37,524.25,NaN
98820.01,4,0.27999999999999997,523.75,NaN
98880.01,4,0.4,524.5,NaN
98940.01,4,0.64,525.75,NaN
99000.01,4,0.61,526.5,NaN
99060.01,4,0.44,526.5,NaN
99120.01,4,0.15999999999999998,527.0,NaN
99180.01,4,0.14500000000000002,527.25,NaN
99240.01,4,0.2,527.75,NaN
99300.01,4,0.2,527.5,NaN
99360.01,4,0.16,527.25,NaN
99420.01,4,0.28,528.0,NaN
99480.01,4,0.16,527.25,NaN
99540.01,4,0.24,527.75,NaN
99600.01,4,0.24000000000000002,527.5,NaN
99660.01,4,0.24,527.75,NaN
99720.01,4,0.32,528.25,NaN
99780.01,4,0.28,528.0,NaN
99840.01,4,0.28,528.0,NaN
99900.01,4,0.28,528.0,NaN
99960.01,4,0.36250000000000004,528.5,NaN
100020.01,4,0.68,530.0,NaN
100080.01,4,0.66,529.75,NaN
100140.01,4,0.5725,529.5,NaN
100200.01,4,0.63,529.5,NaN
100260.01,4,0.615,529.5,NaN
100320.01,4,0.495,529.0,NaN
100380.01,4,0.32,528.25,NaN
100440.01,4,0.27999999999999997,528.0,NaN
100500.01,4,0.37000000000000005,528.5,NaN
100560.01,4,0.37000000000000005,528.5,NaN
100620.01,4,0.32,528.25,NaN
100680.01,4,0.28,528.0,NaN
100740.01,4,0.28,528.0,NaN
100800.01,4,0.24,528.0,NaN
100860.01,4,0.24000000000000002,527.75,NaN
100920.01,4,0.24,527.75,NaN
100980.01,4,0.4,529.0,NaN
101040.01,4,0.705,530.0,NaN
101100.01,4,0.7474999999999999,530.5,NaN
101160.01,4,0.72,531.75,NaN
101220.01,4,0.675,532.5,NaN
101280.01,4,0.6625000000000001,534.0,NaN
101340.01,4,0.7324999999999999,535.5,NaN
101400.01,4,0.52,535.75,NaN
101460.01,4,0.595,536.0,NaN
101520.01,4,0.5549999999999999,535.75,NaN
101580.01,4,0.6225,536.0,NaN
101640.01,4,0.56,535.75,NaN
101700.01,4,0.3625,534.75,NaN
101760.01,4,0.24,534.25,NaN
101820.01,4,0.32,534.25,NaN
101880.01,4,0.44,535.25,NaN
101940.01,4,0.5925,535.75,NaN
102000.01,4,0.48000000000000004,535.25,NaN
102060.01,4,0.26,534.25,NaN
102120.01,4,0.2,533.75,NaN
102180.01,4,0.24,534.0,NaN
102240.01,4,0.32,534.5,NaN
102300.01,4,0.4325,535.5,NaN
102360.01,4,0.4975,535.75,NaN
102420.01,4,0.7,536.5,NaN
102480.01,4,0.45,535.75,NaN
102540.01,4,0.39,536.25,NaN
102600.01,4,0.5625,536.0,NaN
102660.01,4,0.49000000000000005,535.0,NaN
102720.01,4,0.5225,535.5,NaN
102780.01,4,0.32,534.5,NaN
102840.01,4,0.62,536.0,NaN
102900.01,4,0.6799999999999999,536.25,NaN
102960.01,4,0.69,536.5,NaN
103020.01,4,0.47750000000000004,536.0,NaN
103080.01,4,0.565,536.25,NaN
103140.01,4,0.67,537.5,NaN
103200.01,4,0.7,538.5,NaN
103260.01,4,0.7825,538.75,NaN
103320.01,4,0.3625,540.0,NaN
103380.01,4,0.505,541.25,NaN
103440.01,4,0.5599999999999999,541.75,NaN
103500.01,4,0.595,541.5,NaN
103560.01,4,0.4,540.75,NaN
103620.01,4,0.6125,541.5,NaN
103680.01,4,0.645,542.0,NaN
103740.01,4,0.55,541.5,NaN
103800.01,4,0.44,540.75,NaN
103860.01,4,0.48000000000000004,541.0,NaN
103920.01,4,0.48250000000000004,541.0,NaN
103980.01,4,0.48749999999999993,541.0,NaN
104040.01,4,0.665,541.75,NaN
104100.01,4,0.435,540.75,NaN
104160.01,4,0.45749999999999996,541.0,NaN
104220.01,4,0.4,540.75,NaN
104280.01,4,0.55,541.5,NaN
104340.01,4,0.6,541.5,NaN
104400.01,4,0.44,541.0,NaN
104460.01,4,0.4,540.75,NaN
104520.01,4,0.48,541.0,NaN
104580.01,4,0.48,541.25,NaN
104640.01,4,0.4,540.5,NaN
104700.01,4,0.32,540.0,NaN
104760.01,4,0.44,541.0,NaN
104820.01,4,0.37000000000000005,540.5,NaN
104880.01,4,0.44,541.25,NaN
104940.01,4,0.48,541.0,NaN
105000.01,4,0.44,540.75,NaN
105060.01,4,0.32,540.25,NaN
105120.01,4,0.32,540.25,NaN
105180.01,4,0.48250000000000004,541.0,NaN
105240.01,4,0.48,541.25,NaN
105300.01,4,0.4925,541.25,NaN
105360.01,4,0.495,541.5,NaN
105420.01,4,0.6525,542.0,NaN
105480.01,4,0.645,541.75,NaN
105540.01,4,0.625,541.75,NaN
105600.01,4,0.44,540.75,NaN
105660.01,4,0.24,539.75,NaN
105720.01,4,0.2,539.5,NaN
105780.01,4,0.28,540.0,NaN
105840.01,4,0.28,540.0,NaN
105900.01,4,0.4,541.0,NaN
105960.01,4,0.44,540.75,NaN
106020.01,4,0.44,541.0,NaN
106080.01,4,0.5,541.25,NaN
106140.01,4,0.58,541.75,NaN
106200.01,4,0.5625,542.5,NaN
106260.01,4,0.71,543.25,NaN
106320.01,4,0.5325,543.75,NaN
106380.01,4,0.2725,544.0,NaN
106440.01,3,0.2833333333333334,544.5,NaN
106500.01,3,0.42333333333333334,545.25,NaN
106560.01,4,0.40249999999999997,546.0,NaN
106620.01,4,0.48750000000000004,546.25,NaN
106680.01,4,0.4,545.75,NaN
106740.01,4,0.48,546.25,NaN
106800.01,4,0.48,546.25,NaN
106860.01,4,0.57,546.5,NaN
106920.01,4,0.44,546.25,NaN
106980.01,4,0.44,546.0,NaN
107040.01,4,0.48,546.5,NaN
107100.01,4,0.54,546.5,NaN
107160.01,4,0.44,546.25,NaN
107220.01,4,0.6325000000000001,546.75,NaN
107280.01,4,0.495,546.25,NaN
107340.01,4,0.6699999999999999,547.0,NaN
107400.01,4,0.7675,547.5,NaN
107460.01,4,0.635,548.5,NaN
107520.01,4,0.7575000000000001,549.25,NaN
107580.01,4,0.645,550.5,NaN
107640.01,4,0.51,551.0,NaN
107700.01,4,0.41750000000000004,551.25,NaN
107760.01,4,0.29250000000000004,550.75,NaN
107820.01,4,0.3225,551.0,NaN
107880.01,4,0.28,551.0,NaN
107940.01,4,0.44,551.75,NaN
108000.01,4,0.54,552.25,NaN
108060.01,4,0.48,552.0,NaN
108120.01,4,0.44,552.0,NaN
108180.01,4,0.74,553.5,NaN
108240.01,4,0.7324999999999999,554.25,NaN
108300.01,4,0.7000000000000001,556.5,NaN
108360.01,4,0.605,558.0,NaN
108420.01,4,0.6325000000000001,559.5,NaN
108480.01,4,0.6724999999999999,561.25,NaN
108540.01,4,0.6125,563.5,NaN
108600.01,4,0.7725,565.75,NaN
108660.01,4,0.565,566.75,NaN
108720.01,4,0.6625,568.0,NaN
108780.01,4,0.6825,569.25,NaN
108840.01,4,0.6475000000000001,571.0,NaN
108900.01,4,0.5700000000000001,573.0,NaN
108960.01,4,0.5225,573.5,NaN
109020.01,4,0.61,575.75,NaN
109080.01,4,0.475,576.0,NaN
109140.01,4,0.55,577.0,NaN
109200.01,4,0.61,578.75,NaN
109260.01,4,0.695,579.75,NaN
109320.01,4,0.6375,579.5,NaN
109380.01,4,0.6599999999999999,579.75,NaN
109440.01,4,0.655,579.25,NaN
109500.01,4,0.79,581.0,NaN
109560.01,4,0.6625,581.75,NaN
109620.01,4,0.6575,583.0,NaN
109680.01,4,0.6675,584.0,NaN
109740.01,4,0.7224999999999999,586.75,NaN
109800.01,4,0.6824999999999999,587.75,NaN
109860.01,4,0.5075,589.25,NaN
109920.01,4,0.66,590.25,NaN
109980.01,4,0.6375,590.75,NaN
110040.01,4,0.4925,591.5,NaN
110100.01,4,0.3625,591.25,NaN
110160.01,4,0.44749999999999995,592.5,NaN
110220.01,4,0.495,593.25,NaN
110280.01,4,0.54,594.25,NaN
110340.01,4,0.6925,594.25,NaN
110400.01,4,0.635,594.5,NaN
110460.01,4,0.62,594.25,NaN
110520.01,4,0.53,594.0,NaN
110580.01,4,0.64,594.5,NaN
110640.01,4,0.565,594.25,NaN
110700.01,4,0.6,595.25,NaN
110760.01,4,0.5,595.25,NaN
110820.01,4,0.695,596.25,NaN
110880.01,4,0.72,597.25,NaN
110940.01,4,0.6525,598.0,NaN
111000.01,4,0.755,600.25,NaN
111060.01,4,0.585,601.0,NaN
111120.01,4,0.75,601.75,NaN
111180.01,4,0.5475,602.75,NaN
111240.01,4,0.505,604.0,NaN
111300.01,4,0.6024999999999999,604.75,NaN
111360.01,4,0.5800000000000001,604.25,NaN
111420.01,4,0.7675,604.75,NaN
111480.01,4,0.73,606.0,NaN
111540.01,4,0.7675,606.25,NaN
111600.01,4,0.7150000000000001,606.5,NaN
111660.01,4,0.605,608.25,NaN
111720.01,4,0.64,610.75,NaN
111780.01,4,0.7075,612.0,NaN
111840.01,4,0.515,613.25,NaN
111900.01,4,0.59,615.0,NaN
111960.01,4,0.6425,617.0,NaN
112020.01,4,0.5925,618.0,NaN
112080.01,4,0.575,619.5,NaN
112140.01,4,0.6425000000000001,620.25,NaN
112200.01,4,0.5725,622.25,NaN
112260.01,4,0.7325,624.25,NaN
112320.01,4,0.6175,626.5,NaN
112380.01,4,0.6925,628.25,NaN
112440.01,4,0.5700000000000001,628.75,NaN
112500.01,4,0.585,630.5,NaN
112560.01,4,0.6725,632.0,NaN
112620.01,4,0.595,633.25,NaN
112680.01,4,0.595,633.75,NaN
112740.01,4,0.58,635.5,NaN
112800.01,4,0.6425,636.75,NaN
112860.01,4,0.7749999999999999,637.75,NaN
112920.01,4,0.7175,639.75,NaN
112980.01,4,0.6175,641.0,NaN
113040.01,4,0.6649999999999999,643.0,NaN
113100.01,4,0.44999999999999996,644.0,NaN
113160.01,4,0.76,645.5,NaN
113220.01,4,0.5525,647.25,NaN
113280.01,4,0.6525,648.5,NaN
113340.01,4,0.6725,651.0,NaN
113400.01,4,0.675,653.25,NaN
113460.01,4,0.6775,654.75,NaN
113520.01,4,0.65,655.5,NaN
113580.01,4,0.5700000000000001,657.0,NaN
113640.01,4,0.5850000000000001,659.25,NaN
113700.01,4,0.6675,660.5,NaN
113760.01,4,0.66,661.25,NaN
113820.01,4,0.5725,663.75,NaN
113880.01,4,0.635,665.5,NaN
113940.01,4,0.7125,667.5,NaN
114000.01,4,0.6775,670.75,NaN
114060.01,4,0.625,672.5,NaN
114120.01,4,0.65,674.5,NaN
114180.01,4,0.7000000000000001,676.0,NaN
114240.01,4,0.7,677.5,NaN
114300.01,4,0.655,678.75,NaN
114360.01,4,0.6475,680.25,NaN
114420.01,4,0.6625000000000001,682.5,NaN
114480.01,4,0.6625,683.5,NaN
114540.01,4,0.595,685.0,NaN
114600.01,4,0.665,686.75,NaN
114660.01,4,0.7025,688.5,NaN
114720.01,4,0.645,689.25,NaN
114780.01,4,0.585,691.5,NaN
114840.01,4,0.5825,693.5,NaN
114900.01,4,0.72,694.5,NaN
114960.01,4,0.5475,696.0,NaN
115020.01,4,0.6675,698.75,NaN
115080.01,4,0.705,699.75,NaN
115140.01,4,0.72,702.0,NaN
115200.01,4,0.7124999999999999,703.75,NaN
115260.01,4,0.625,705.0,NaN
115320.01,4,0.6799999999999999,707.75,NaN
115380.01,4,0.6125,708.75,NaN
115440.01,4,0.78,711.0,NaN
115500.01,4,0.615,713.25,NaN
115560.01,4,0.6925,714.75,NaN
115620.01,4,0.685,717.25,NaN
115680.01,4,0.605,718.75,NaN
115740.01,4,0.7775000000000001,720.5,NaN
115800.01,4,0.5499999999999999,723.25,NaN
115860.01,4,0.6375,726.5,NaN
115920.01,4,0.5975,728.0,NaN
115980.01,4,0.7275,730.0,NaN
116040.01,4,0.7650000000000001,732.0,NaN
116100.01,4,0.525,733.5,NaN
116160.01,4,0.6575,736.5,NaN
116220.01,4,0.5599999999999999,738.5,NaN
116280.01,4,0.5975,740.75,NaN
116340.01,4,0.7125,742.75,NaN
116400.01,4,0.74,745.5,NaN
116460.01,4,0.7525,748.0,NaN
116520.01,4,0.6475,751.25,NaN
116580.01,4,0.5700000000000001,753.5,NaN
116640.01,4,0.47750000000000004,754.75,NaN
116700.01,4,0.5525,757.5,NaN
116760.01,4,0.515,758.5,NaN
116820.01,4,0.72,761.25,NaN
116880.01,4,0.5775,763.25,NaN
116940.01,4,0.6975,764.75,NaN
117000.01,4,0.6950000000000001,767.0,NaN
117060.01,4,0.6775,768.5,NaN
117120.01,4,0.7575,770.75,NaN
117180.01,4,0.73,772.5,NaN
117240.01,4,0.5725,774.0,NaN
117300.01,4,0.675,776.75,NaN
117360.01,4,0.685,778.5,NaN
117420.01,4,0.7225,780.0,NaN
117480.01,4,0.7474999999999999,782.75,NaN
117540.01,4,0.7875,785.75,NaN
117600.01,4,0.8399999999999999,788.75,NaN
117600.01,0,NaN,NaN,NaN
117660.01,5,0.51,633.2,NaN
117720.01,5,0.5120000000000001,634.2,NaN
117780.01,5,0.40199999999999997,635.0,NaN
117840.01,5,0.422,637.2,NaN
117900.01,5,0.48599999999999993,639.2,NaN
117960.01,5,0.378,640.2,NaN
118020.01,5,0.358,641.6,NaN
118080.01,5,0.44800000000000006,642.4,NaN
118140.01,5,0.33999999999999997,643.0,NaN
118200.01,5,0.49000000000000005,645.0,NaN
118260.01,5,0.53,647.0,NaN
118320.01,5,0.45,648.0,NaN
118380.01,5,0.39,649.4,NaN
118440.01,5,0.4640000000000001,651.8,NaN
118500.01,5,0.44400000000000006,652.6,NaN
118560.01,5,0.422,653.8,NaN
118620.01,5,0.5080000000000001,654.6,NaN
118680.01,5,0.42400000000000004,656.2,NaN
118740.01,5,0.32800000000000007,657.0,NaN
118800.01,5,0.374,658.4,NaN
118860.01,5,0.45999999999999996,659.8,NaN
118920.01,5,0.42000000000000004,661.8,NaN
118980.01,5,0.374,664.8,NaN
119040.01,5,0.4039999999999999,668.4,NaN
119100.01,5,0.376,670.8,NaN
119160.01,5,0.496,673.0,NaN
119220.01,5,0.524,676.6,NaN
119280.01,5,0.5519999999999999,679.4,NaN
119340.01,5,0.5,682.0,NaN
119400.01,5,0.484,684.4,NaN
119460.01,5,0.41400000000000003,687.4,NaN
119520.01,5,0.4,689.8,NaN
119580.01,5,0.314,692.6,NaN
119640.01,5,0.368,694.6,NaN
119700.01,5,0.5,696.6,NaN
119760.01,5,0.44400000000000006,698.6,NaN
119820.01,5,0.42000000000000004,701.8,NaN
119880.01,5,0.438,704.0,NaN
119940.01,5,0.476,707.6,NaN
120000.01,5,0.352,710.4,NaN
120060.01,5,0.4,712.4,NaN
120120.01,5,0.378,714.8,NaN
120180.01,5,0.5459999999999999,717.2,NaN
120240.01,5,0.41400000000000003,718.8,NaN
120300.01,5,0.34,721.8,NaN
120360.01,5,0.36,723.8,NaN
120420.01,5,0.372,725.4,NaN
120480.01,5,0.47400000000000003,727.4,NaN
120540.01,5,0.318,730.0,NaN
120600.01,5,0.56,731.6,NaN
120660.01,5,0.28600000000000003,733.6,NaN
120720.01,5,0.376,736.0,NaN
120780.01,5,0.254,738.2,NaN
120840.01,5,0.544,742.0,NaN
120900.01,5,0.526,743.8,NaN
120960.01,5,0.506,746.6,NaN
121020.01,5,0.538,750.4,NaN
121080.01,5,0.49399999999999994,753.6,NaN
121140.01,5,0.438,756.4,NaN
121200.01,5,0.426,758.2,NaN
121260.01,5,0.5599999999999999,760.8,NaN
121320.01,5,0.5900000000000001,763.8,NaN
121380.01,5,0.466,765.2,NaN
121440.01,5,0.514,766.4,NaN
121500.01,5,0.446,768.8,NaN
121560.01,5,0.472,771.2,NaN
121620.01,5,0.52,773.6,NaN
121680.01,5,0.376,776.0,NaN
121740.01,5,0.5,779.6,NaN
121800.01,5,0.57,781.8,NaN
121860.01,5,0.29800000000000004,784.2,NaN
121920.01,5,0.4,787.8,NaN
121980.01,5,0.634,791.4,NaN
122040.01,5,0.312,793.2,NaN
122100.01,5,0.5319999999999999,795.8,NaN
122160.01,5,0.5660000000000001,799.0,NaN
122220.01,5,0.5519999999999999,801.4,NaN
122280.01,5,0.512,804.2,NaN
122340.01,5,0.578,807.8,NaN
122400.01,5,0.42399999999999993,810.4,NaN
122460.01,5,0.512,814.2,NaN
122520.01,5,0.362,816.8,NaN
122580.01,5,0.434,821.2,NaN
122640.01,5,0.254,824.2,NaN
122700.01,5,0.438,827.4,NaN
122760.01,5,0.348,830.0,NaN
122820.01,5,0.5479999999999999,832.6,NaN
122880.01,5,0.47000000000000003,836.4,NaN
122940.01,5,0.686,839.4,NaN
123000.01,5,0.35,843.0,NaN
123060.01,5,0.5,846.2,NaN
123120.01,5,0.54,849.6,NaN
123180.01,5,0.386,851.4,NaN
123240.01,5,0.604,854.0,NaN
123300.01,5,0.318,856.6,NaN
123360.01,5,0.49000000000000005,859.6,NaN
123420.01,5,0.4840000000000001,862.0,NaN
123480.01,5,0.4779999999999999,865.0,NaN
123540.01,5,0.43800000000000006,867.8,NaN
123600.01,5,0.42800000000000005,871.0,NaN
123660.01,5,0.484,873.8,NaN
123720.01,5,0.324,876.4,NaN
123780.01,5,0.47000000000000003,879.2,NaN
123840.01,5,0.528,882.2,NaN
123900.01,5,0.46799999999999997,886.0,NaN
123960.01,5,0.44000000000000006,888.6,NaN
124020.01,5,0.5559999999999999,892.0,NaN
124080.01,5,0.51,896.6,NaN
124140.01,5,0.624,901.0,NaN
124200.01,5,0.502,904.6,NaN
124260.01,5,0.354,909.4,NaN
124320.01,5,0.6679999999999999,913.2,NaN
124380.01,5,0.48600000000000004,916.6,NaN
124440.01,5,0.512,921.2,NaN
124500.01,5,0.48599999999999993,925.6,NaN
124560.01,5,0.36000000000000004,930.0,NaN
124620.01,5,0.344,933.8,NaN
124680.01,5,0.404,937.8,NaN
124740.01,5,0.492,941.0,NaN
124800.01,5,0.4620000000000001,944.6,NaN
124860.01,5,0.626,948.6,NaN
124920.01,5,0.6,951.4,NaN
124980.01,5,0.738,954.8,NaN
125040.01,5,0.608,957.6,NaN
125100.01,5,0.41600000000000004,959.4,NaN
125160.01,5,0.4539999999999999,963.8,NaN
125220.01,5,0.442,966.6,NaN
125280.01,5,0.514,970.4,NaN
125340.01,5,0.5740000000000001,973.2,NaN
125400.01,5,0.384,977.2,NaN
125460.01,5,0.23600000000000004,980.6,NaN
125520.01,5,0.4779999999999999,984.6,NaN
125580.01,5,0.634,987.8,NaN
125640.01,5,0.40199999999999997,992.6,NaN
125700.01,5,0.52,995.0,NaN
125760.01,5,0.528,997.4,NaN
125820.01,5,0.366,1001.0,NaN
125880.01,5,0.524,1004.4,NaN
125940.01,5,0.418,1006.8,NaN
126000.01,5,0.4720000000000001,1009.2,NaN
126060.01,5,0.48199999999999993,1011.6,NaN
126120.01,5,0.5599999999999999,1014.0,NaN
126180.01,5,0.5720000000000001,1018.2,NaN
126240.01,5,0.46799999999999997,1021.6,NaN
126300.01,5,0.5640000000000001,1025.6,NaN
126360.01,5,0.504,1028.2,NaN
126420.01,5,0.6699999999999999,1030.8,NaN
126480.01,5,0.558,1033.8,NaN
126540.01,5,0.4619999999999999,1037.8,NaN
126600.01,5,0.49399999999999994,1041.8,NaN
126660.01,5,0.554,1044.8,NaN
126720.01,5,0.364,1048.8,NaN
126780.01,5,0.43400000000000005,1051.2,NaN
126840.01,5,0.32599999999999996,1054.4,NaN
126900.01,5,0.358,1057.2,NaN
126960.01,5,0.562,1060.0,NaN
127020.01,5,0.42799999999999994,1064.2,NaN
127080.01,5,0.39,1067.6,NaN
127140.01,5,0.404,1071.6,NaN
127200.01,5,0.538,1074.2,NaN
127260.01,5,0.42400000000000004,1077.8,NaN
127320.01,5,0.34199999999999997,1082.6,NaN
127380.01,5,0.32799999999999996,1086.4,NaN
127440.01,5,0.6159999999999999,1090.0,NaN
127500.01,5,0.248,1093.6,NaN
127560.01,5,0.666,1095.8,NaN
127620.01,5,0.67,1099.6,NaN
127680.01,5,0.45600000000000007,1102.4,NaN
127740.01,5,0.29799999999999993,1106.6,NaN
127800.01,5,0.476,1110.4,NaN
127860.01,5,0.42800000000000005,1115.0,NaN
127920.01,5,0.40199999999999997,1116.8,NaN
127980.01,5,0.5700000000000001,1120.2,NaN
128040.01,5,0.332,1124.2,NaN
128100.01,5,0.27,1128.2,NaN
128160.01,5,0.352,1131.4,NaN
128220.01,5,0.418,1134.0,NaN
128280.01,5,0.386,1137.4,NaN
128340.01,5,0.41200000000000003,1138.6,NaN
128400.01,5,0.406,1140.6,NaN
128460.01,5,0.46799999999999997,1143.2,NaN
128520.01,5,0.554,1145.4,NaN
128580.01,5,0.51,1147.8,NaN
128640.01,5,0.584,1151.8,NaN
128700.01,5,0.516,1154.8,NaN
128760.01,5,0.43,1157.8,NaN
128820.01,5,0.374,1160.2,NaN
128880.01,5,0.392,1163.4,NaN
128940.01,5,0.366,1165.8,NaN
129000.01,5,0.342,1169.0,NaN
129060.01,5,0.356,1172.8,NaN
129120.01,5,0.522,1177.4,NaN
129180.01,5,0.43200000000000005,1182.0,NaN
129240.01,5,0.488,1185.6,NaN
129300.01,5,0.376,1190.2,NaN
129360.01,5,0.662,1192.4,NaN
129420.01,5,0.42000000000000004,1195.8,NaN
129480.01,5,0.488,1198.6,NaN
129540.01,5,0.302,1203.0,NaN
129600.01,5,0.44399999999999995,1205.4,NaN
129660.01,5,0.504,1210.4,NaN
129720.01,5,0.382,1215.2,NaN
129780.01,5,0.28600000000000003,1216.6,NaN
129840.01,5,0.47800000000000004,1219.4,NaN
129900.01,5,0.32199999999999995,1222.6,NaN
129960.01,5,0.3,1226.8,NaN
130020.01,5,0.522,1229.6,NaN
130080.01,5,0.4699999999999999,1231.8,NaN
130140.01,5,0.562,1234.2,NaN
130200.01,5,0.472,1236.8,NaN
130260.01,5,0.33199999999999996,1241.0,NaN
130320.01,5,0.5439999999999999,1245.2,NaN
130380.01,5,0.434,1248.2,NaN
130440.01,5,0.528,1253.4,NaN
130500.01,5,0.454,1257.8,NaN
130560.01,5,0.296,1261.2,NaN
130620.01,5,0.378,1263.6,NaN
130680.01,5,0.5800000000000001,1267.6,NaN
130740.01,5,0.6,1270.4,NaN
130800.01,5,0.248,1273.0,NaN
130860.01,5,0.5239999999999999,1275.4,NaN
130920.01,5,0.32,1279.0,NaN
130980.01,5,0.356,1282.4,NaN
131040.01,5,0.4800000000000001,1286.4,NaN
131100.01,5,0.322,1290.4,NaN
131160.01,5,0.42800000000000005,1294.2,NaN
131220.01,5,0.48200000000000004,1298.0,NaN
131280.01,5,0.284,1302.2,NaN
131340.01,5,0.576,1304.8,NaN
131400.01,5,0.6519999999999999,1308.4,NaN
131460.01,5,0.34199999999999997,1310.8,NaN
131520.01,5,0.296,1314.2,NaN
131580.01,5,0.45999999999999996,1318.0,NaN
131640.01,5,0.49400000000000005,1320.8,NaN
131700.01,5,0.33,1323.6,NaN
131760.01,5,0.548,1326.6,NaN
131820.01,5,0.372,1329.4,NaN
131880.01,5,0.43599999999999994,1333.2,NaN
131940.01,5,0.568,1336.8,NaN
132000.01,5,0.442,1340.2,NaN
132060.01,5,0.362,1344.0,NaN
132120.01,5,0.28600000000000003,1346.8,NaN
132180.01,5,0.278,1350.0,NaN
132240.01,5,0.362,1353.0,NaN
132300.01,5,0.528,1356.0,NaN
132360.01,5,0.29400000000000004,1359.0,NaN
132420.01,5,0.314,1364.2,NaN
132480.01,5,0.496,1368.4,NaN
132540.01,5,0.438,1371.8,NaN
132600.01,5,0.418,1375.4,NaN
132660.01,5,0.294,1379.6,NaN
132720.01,5,0.42400000000000004,1383.4,NaN
132780.01,5,0.544,1387.2,NaN
132840.01,5,0.516,1389.6,NaN
132900.01,5,0.48200000000000004,1391.6,NaN
132960.01,5,0.492,1394.4,NaN
133020.01,5,0.6620000000000001,1398.6,NaN
133080.01,5,0.32599999999999996,1400.8,NaN
133140.01,5,0.592,1404.2,NaN
133200.01,5,0.648,1407.8,NaN
133260.01,5,0.29000000000000004,1408.8,NaN
133320.01,5,0.5039999999999999,1410.2,NaN
133380.01,5,0.396,1411.8,NaN
133440.01,5,0.43599999999999994,1413.2,NaN
133500.01,5,0.438,1415.2,NaN
133560.01,5,0.40199999999999997,1416.0,NaN
133620.01,5,0.41200000000000003,1416.8,NaN
133680.01,5,0.43600000000000005,1418.4,NaN
133740.01,5,0.518,1420.8,NaN
133800.01,5,0.514,1423.0,NaN
133860.01,5,0.438,1425.6,NaN
133920.01,5,0.372,1427.4,NaN
133980.01,5,0.396,1428.4,NaN
134040.01,5,0.44000000000000006,1429.6,NaN
134100.01,5,0.388,1431.2,NaN
134160.01,5,0.34199999999999997,1432.6,NaN
134220.01,5,0.40599999999999997,1433.6,NaN
134280.01,5,0.44399999999999995,1436.0,NaN
134340.01,5,0.4699999999999999,1438.4,NaN
134400.01,5,0.42400000000000004,1440.4,NaN
134460.01,5,0.364,1442.0,NaN
134520.01,5,0.346,1444.0,NaN
134580.01,5,0.386,1446.0,NaN
134640.01,5,0.524,1448.4,NaN
134700.01,5,0.45199999999999996,1449.8,NaN
134760.01,5,0.39,1452.6,NaN
134820.01,5,0.382,1453.4,NaN
134880.01,5,0.442,1455.0,NaN
134940.01,5,0.534,1457.8,NaN
135000.01,5,0.484,1459.0,NaN
135060.01,5,0.402,1461.4,NaN
135120.01,5,0.484,1464.2,NaN
135180.01,5,0.506,1465.6,NaN
135240.01,5,0.44799999999999995,1467.2,NaN
135300.01,5,0.374,1469.4,NaN
135360.01,5,0.496,1471.4,NaN
135420.01,5,0.47000000000000003,1472.6,NaN
135480.01,5,0.41600000000000004,1474.8,NaN
135540.01,5,0.522,1476.0,NaN
135600.01,5,0.446,1477.0,NaN
135660.01,5,0.4640000000000001,1479.2,NaN
135720.01,5,0.39799999999999996,1481.8,NaN
135780.01,5,0.49399999999999994,1483.6,NaN
135840.01,5,0.5660000000000001,1485.2,NaN
135900.01,5,0.638,1486.8,NaN
135960.01,5,0.4640000000000001,1489.4,NaN
136020.01,5,0.442,1490.0,NaN
136080.01,5,0.542,1491.4,NaN
136140.01,5,0.406,1492.8,NaN
136200.01,5,0.404,1493.8,NaN
136260.01,5,0.47800000000000004,1495.4,NaN
136320.01,5,0.40199999999999997,1496.8,NaN
136380.01,5,0.43599999999999994,1499.8,NaN
136440.01,5,0.462,1502.2,NaN
136500.01,5,0.484,1503.6,NaN
136560.01,5,0.38,1505.0,NaN
136620.01,5,0.52,1506.0,NaN
136680.01,5,0.404,1506.8,NaN
136740.01,5,0.47400000000000003,1509.0,NaN
136800.01,5,0.398,1511.6,NaN
136860.01,5,0.418,1515.0,NaN
136920.01,5,0.41200000000000003,1518.2,NaN
136980.01,5,0.4720000000000001,1520.6,NaN
137040.01,5,0.42800000000000005,1523.4,NaN
137100.01,5,0.502,1524.6,NaN
137160.01,5,0.41600000000000004,1528.2,NaN
137220.01,5,0.354,1531.0,NaN
137280.01,5,0.426,1534.4,NaN
137340.01,5,0.41,1537.8,NaN
137400.01,5,0.396,1540.6,NaN
137460.01,5,0.38,1544.0,NaN
137520.01,5,0.404,1548.0,NaN
137580.01,5,0.622,1552.2,NaN
137640.01,5,0.362,1554.0,NaN
137700.01,5,0.384,1556.8,NaN
137760.01,5,0.354,1558.6,NaN
137820.01,5,0.6,1562.4,NaN
137880.01,5,0.636,1565.8,NaN
137940.01,5,0.28200000000000003,1568.4,NaN
138000.01,5,0.332,1572.0,NaN
138060.01,5,0.628,1575.2,NaN
138120.01,5,0.5880000000000001,1578.8,NaN
138180.01,5,0.586,1581.8,NaN
138240.01,5,0.558,1584.4,NaN
138300.01,5,0.41200000000000003,1587.0,NaN
138360.01,5,0.462,1588.8,NaN
138420.01,5,0.442,1593.4,NaN
138480.01,5,0.4880000000000001,1596.6,NaN
138540.01,5,0.512,1598.6,NaN
138600.01,5,0.39,1602.4,NaN
138660.01,5,0.28,1605.0,NaN
138720.01,5,0.484,1608.0,NaN
138780.01,5,0.47000000000000003,1610.4,NaN
138840.01,5,0.4039999999999999,1614.2,NaN
138900.01,5,0.292,1617.6,NaN
138960.01,5,0.516,1620.0,NaN
139020.01,5,0.5559999999999999,1622.8,NaN
139080.01,5,0.44800000000000006,1626.0,NaN
139140.01,5,0.328,1630.0,NaN
139200.01,5,0.458,1633.6,NaN
139260.01,5,0.52,1636.6,NaN
139320.01,5,0.4999999999999999,1639.2,NaN
139380.01,5,0.466,1643.0,NaN
139440.01,5,0.484,1646.2,NaN
139500.01,5,0.758,1649.0,NaN
139560.01,5,0.76,1653.0,NaN
139620.01,5,0.65,1656.2,NaN
139680.01,5,0.642,1659.2,NaN
139740.01,5,0.30200000000000005,1661.2,NaN
139800.01,5,0.346,1664.4,NaN
139860.01,5,0.354,1667.6,NaN
139920.01,5,0.434,1671.0,NaN
139980.01,5,0.41999999999999993,1672.6,NaN
140040.01,5,0.392,1675.6,NaN
140100.01,5,0.43200000000000005,1678.4,NaN
140160.01,5,0.5279999999999999,1680.4,NaN
140220.01,5,0.47400000000000003,1682.8,NaN
140280.01,5,0.546,1685.6,NaN
140340.01,5,0.518,1690.8,NaN
140400.01,5,0.626,1692.8,NaN
140460.01,5,0.646,1696.6,NaN
140520.01,5,0.34400000000000003,1700.8,NaN
140580.01,5,0.30600000000000005,1704.2,NaN
140640.01,5,0.488,1710.0,NaN
140700.01,5,0.5720000000000001,1711.8,NaN
140760.01,5,0.502,1715.4,NaN
140820.01,5,0.39799999999999996,1718.0,NaN
140880.01,5,0.43800000000000006,1720.8,NaN
140940.01,5,0.48999999999999994,1724.8,NaN
141000.01,5,0.514,1727.4,NaN
141060.01,5,0.25999999999999995,1731.0,NaN
141120.01,5,0.198,1734.2,NaN
141180.01,5,0.27999999999999997,1737.6,NaN
141240.01,5,0.304,1741.8,NaN
141300.01,5,0.584,1744.0,NaN
141360.01,5,0.3,1747.2,NaN
141420.01,5,0.5700000000000001,1750.2,NaN
141480.01,5,0.43600000000000005,1754.4,NaN
141540.01,5,0.362,1758.4,NaN
141600.01,5,0.376,1761.4,NaN
141660.01,5,0.446,1763.4,NaN
141720.01,5,0.6799999999999999,1768.0,NaN
141780.01,5,0.554,1772.8,NaN
141840.01,5,0.526,1774.8,NaN
141900.01,5,0.6,1778.6,NaN
141960.01,5,0.484,1781.6,NaN
142020.01,5,0.492,1786.2,NaN
142080.01,5,0.42400000000000004,1788.8,NaN
142140.01,5,0.28,1793.0,NaN
142200.01,5,0.404,1794.6,NaN
142260.01,5,0.7060000000000001,1796.8,NaN
142320.01,5,0.5519999999999999,1800.8,NaN
142380.01,5,0.476,1804.2,NaN
142440.01,5,0.41200000000000003,1807.6,NaN
142500.01,5,0.524,1810.6,NaN
142560.01,5,0.376,1815.0,NaN
142620.01,5,0.392,1817.8,NaN
142680.01,5,0.308,1819.8,NaN
142740.01,5,0.454,1824.0,NaN
142800.01,5,0.546,1827.4,NaN
142860.01,5,0.28800000000000003,1830.4,NaN
142920.01,5,0.4,1833.8,NaN
142980.01,5,0.44399999999999995,1837.8,NaN
143040.01,5,0.33999999999999997,1842.4,NaN
143100.01,5,0.536,1845.8,NaN
143160.01,5,0.45599999999999996,1849.2,NaN
143220.01,5,0.488,1852.2,NaN
143280.01,5,0.39599999999999996,1854.8,NaN
143340.01,5,0.44399999999999995,1858.6,NaN
143400.01,5,0.484,1860.4,NaN
143460.01,5,0.28800000000000003,1862.8,NaN
143520.01,5,0.382,1866.0,NaN
143580.01,5,0.34199999999999997,1868.4,NaN
143640.01,5,0.5940000000000001,1872.0,NaN
143700.01,5,0.506,1876.0,NaN
143760.01,5,0.49800000000000005,1880.2,NaN
143820.01,5,0.44800000000000006,1883.0,NaN
143880.01,5,0.46399999999999997,1887.0,NaN
143940.01,5,0.614,1889.4,NaN
144000.01,5,0.5820000000000001,1893.2,NaN
144060.01,5,0.504,1897.0,NaN
144120.01,5,0.47400000000000003,1900.8,NaN
144180.01,5,0.458,1904.4,NaN
144240.01,5,0.644,1908.2,NaN
144300.01,5,0.5900000000000001,1911.0,NaN
144360.01,5,0.514,1914.8,NaN
144420.01,5,0.23200000000000004,1918.4,NaN
144480.01,5,0.6559999999999999,1923.0,NaN
144540.01,5,0.186,1925.6,NaN
144600.01,5,0.688,1930.2,NaN
144660.01,5,0.39999999999999997,1933.6,NaN
144720.01,5,0.5900000000000001,1938.0,NaN
144780.01,5,0.41200000000000003,1940.4,NaN
144840.01,5,0.30599999999999994,1943.0,NaN
144900.01,5,0.36000000000000004,1946.0,NaN
144960.01,5,0.35,1948.4,NaN
145020.01,5,0.51,1951.0,NaN
145080.01,5,0.5980000000000001,1953.8,NaN
145140.01,5,0.5700000000000001,1957.6,NaN
145200.01,5,0.45,1960.4,NaN
145260.01,5,0.484,1963.4,NaN
145320.01,5,0.378,1966.2,NaN
145380.01,5,0.47000000000000003,1968.8,NaN
145440.01,5,0.5780000000000001,1973.6,NaN
145500.01,5,0.618,1976.8,NaN
145560.01,5,0.26,1981.6,NaN
145620.01,5,0.422,1984.2,NaN
145680.01,5,0.45600000000000007,1988.8,NaN
145740.01,5,0.496,1991.2,NaN
145800.01,5,0.404,1994.8,NaN
145860.01,5,0.33599999999999997,1999.2,NaN
145920.01,5,0.426,2002.6,NaN
145980.01,5,0.43800000000000006,2007.4,NaN
146040.01,5,0.34400000000000003,2011.2,NaN
146100.01,5,0.47800000000000004,2014.2,NaN
146160.01,5,0.33999999999999997,2017.8,NaN
146220.01,5,0.43600000000000005,2021.8,NaN
146280.01,5,0.51,2024.8,NaN
146340.01,5,0.43,2028.4,NaN
146400.01,5,0.4419999999999999,2032.6,NaN
146460.01,5,0.47400000000000003,2036.8,NaN
146520.01,5,0.41400000000000003,2038.2,NaN
146580.01,5,0.442,2041.2,NaN
146640.01,5,0.46799999999999997,2044.6,NaN
146700.01,5,0.488,2046.8,NaN
146760.01,5,0.358,2050.2,NaN
146820.01,5,0.484,2053.2,NaN
146880.01,5,0.43,2058.2,NaN
146940.01,5,0.68,2061.8,NaN
147000.01,5,0.35,2066.6,NaN
147060.01,5,0.34400000000000003,2069.4,NaN
147120.01,5,0.534,2072.2,NaN
147180.01,5,0.502,2074.8,NaN
147240.01,5,0.49400000000000005,2077.6,NaN
147300.01,5,0.5740000000000001,2081.0,NaN
147360.01,5,0.488,2083.8,NaN
147420.01,5,0.446,2088.2,NaN
147480.01,5,0.362,2091.4,NaN
147540.01,5,0.6020000000000001,2096.0,NaN
147600.01,5,0.398,2099.6,NaN
147660.01,5,0.33,2102.2,NaN
147720.01,5,0.48,2104.8,NaN
147780.01,5,0.624,2108.6,NaN
147840.01,5,0.288,2111.2,NaN
147900.01,5,0.518,2115.8,NaN
147960.01,5,0.374,2119.4,NaN
148020.01,5,0.374,2123.4,NaN
148080.01,5,0.41200000000000003,2126.2,NaN
148140.01,5,0.666,2129.0,NaN
148200.01,5,0.48200000000000004,2133.2,NaN
148260.01,5,0.48200000000000004,2135.0,NaN
148320.01,5,0.43600000000000005,2139.0,NaN
148380.01,5,0.376,2143.2,NaN
148440.01,5,0.5479999999999999,2147.0,NaN
148500.01,5,0.51,2150.0,NaN
148560.01,5,0.582,2153.4,NaN
148620.01,5,0.654,2156.0,NaN
148680.01,5,0.47800000000000004,2159.6,NaN
148740.01,5,0.328,2162.0,NaN
148800.01,5,0.694,2165.8,NaN
148860.01,5,0.488,2168.8,NaN
148920.01,5,0.496,2172.8,NaN
148980.01,5,0.39,2176.2,NaN
149040.01,5,0.384,2179.6,NaN
149100.01,5,0.6859999999999999,2183.6,NaN
149160.01,5,0.31799999999999995,2187.4,NaN
149220.01,5,0.496,2192.2,NaN
149280.01,5,0.508,2195.4,NaN
149340.01,5,0.40599999999999997,2198.8,NaN
149400.01,5,0.542,2202.6,NaN
149460.01,5,0.4739999999999999,2205.6,NaN
149520.01,5,0.328,2208.4,NaN
149580.01,5,0.5159999999999999,2212.2,NaN
149640.01,5,0.39,2217.2,NaN
149700.01,5,0.398,2220.4,NaN
149760.01,5,0.36,2224.2,NaN
149820.01,5,0.5519999999999999,2226.4,NaN
149880.01,5,0.516,2230.2,NaN
149940.01,5,0.5279999999999999,2233.4,NaN
150000.01,5,0.484,2236.0,NaN
150060.01,5,0.62,2239.4,NaN
150120.01,5,0.43599999999999994,2243.8,NaN
150180.01,5,0.484,2246.2,NaN
150240.01,5,0.43200000000000005,2250.6,NaN
150300.01,5,0.562,2253.4,NaN
150360.01,5,0.5479999999999999,2255.8,NaN
150420.01,5,0.608,2258.8,NaN
150480.01,5,0.358,2262.2,NaN
150540.01,5,0.45200000000000007,2264.2,NaN
150600.01,5,0.41400000000000003,2266.6,NaN
150660.01,5,0.488,2270.8,NaN
150720.01,5,0.41000000000000003,2274.6,NaN
150780.01,5,0.5599999999999999,2278.4,NaN
150840.01,5,0.652,2281.8,NaN
150900.01,5,0.4,2285.2,NaN
150960.01,5,0.616,2289.2,NaN
151020.01,5,0.29,2293.6,NaN
151080.01,5,0.542,2295.6,NaN
151140.01,5,0.454,2299.4,NaN
151200.01,5,0.43400000000000005,2301.0,NaN
151260.01,5,0.376,2302.0,NaN
151320.01,5,0.366,2304.0,NaN
151380.01,5,0.41600000000000004,2306.4,NaN
151440.01,5,0.40199999999999997,2307.4,NaN
151500.01,5,0.518,2309.4,NaN
151560.01,5,0.5900000000000001,2311.0,NaN
151620.01,5,0.34199999999999997,2313.6,NaN
151680.01,5,0.462,2316.2,NaN
151740.01,5,0.43600000000000005,2317.8,NaN
151800.01,5,0.5700000000000001,2320.8,NaN
151860.01,5,0.43,2322.2,NaN
151920.01,5,0.562,2323.2,NaN
151980.01,5,0.536,2325.6,NaN
152040.01,5,0.37,2327.0,NaN
152100.01,5,0.378,2328.0,NaN
152160.01,5,0.396,2329.8,NaN
152220.01,5,0.44800000000000006,2331.4,NaN
152280.01,5,0.45999999999999996,2334.2,NaN
152340.01,5,0.398,2335.0,NaN
152400.01,5,0.462,2336.0,NaN
152460.01,5,0.38199999999999995,2337.6,NaN
152520.01,5,0.35200000000000004,2339.0,NaN
152580.01,5,0.32199999999999995,2341.8,NaN
152640.01,5,0.354,2343.6,NaN
152700.01,5,0.384,2345.2,NaN
152760.01,5,0.39,2346.2,NaN
152820.01,5,0.48600000000000004,2347.4,NaN
152880.01,5,0.48600000000000004,2348.8,NaN
152940.01,5,0.45199999999999996,2351.2,NaN
153000.01,5,0.33999999999999997,2353.0,NaN
153060.01,5,0.47400000000000003,2354.6,NaN
153120.01,5,0.454,2356.4,NaN
153180.01,5,0.346,2358.4,NaN
153240.01,5,0.4680000000000001,2360.4,NaN
153300.01,5,0.26199999999999996,2363.0,NaN
153360.01,5,0.318,2364.4,NaN
153420.01,5,0.574,2366.2,NaN
153480.01,5,0.558,2367.0,NaN
153540.01,5,0.47000000000000003,2368.4,NaN
153600.01,5,0.322,2371.4,NaN
153660.01,5,0.44799999999999995,2374.2,NaN
153720.01,5,0.55,2375.0,NaN
153780.01,5,0.358,2377.6,NaN
153840.01,5,0.418,2379.6,NaN
153900.01,5,0.438,2382.6,NaN
153960.01,5,0.518,2384.2,NaN
154020.01,5,0.30000000000000004,2386.2,NaN
154080.01,5,0.41999999999999993,2386.6,NaN
154140.01,5,0.466,2388.8,NaN
154200.01,5,0.576,2390.0,NaN
154260.01,5,0.484,2391.2,NaN
154320.01,5,0.37,2393.2,NaN
154380.01,5,0.446,2394.6,NaN
154440.01,5,0.4779999999999999,2396.0,NaN
154500.01,5,0.522,2398.0,NaN
154560.01,5,0.55,2401.2,NaN
154620.01,5,0.44800000000000006,2402.8,NaN
154680.01,5,0.39,2403.8,NaN
154740.01,5,0.5,2405.4,NaN
154800.01,5,0.40800000000000003,2407.4,NaN
154860.01,5,0.47400000000000003,2409.0,NaN
154920.01,5,0.38,2410.4,NaN
154980.01,5,0.442,2412.2,NaN
155040.01,5,0.4,2413.4,NaN
155100.01,5,0.30600000000000005,2414.8,NaN
155160.01,5,0.49799999999999994,2415.4,NaN
155220.01,5,0.48599999999999993,2417.4,NaN
155280.01,5,0.472,2418.6,NaN
155340.01,5,0.43599999999999994,2420.2,NaN
155400.01,5,0.42800000000000005,2422.0,NaN
155460.01,5,0.484,2423.2,NaN
155520.01,5,0.406,2424.8,NaN
155580.01,5,0.664,2426.8,NaN
155640.01,5,0.33799999999999997,2427.2,NaN
155700.01,5,0.556,2428.2,NaN
155760.01,5,0.328,2430.2,NaN
155820.01,5,0.376,2431.4,NaN
155880.01,5,0.33399999999999996,2433.0,NaN
155940.01,5,0.42800000000000005,2434.2,NaN
156000.01,5,0.368,2435.6,NaN
156060.01,5,0.31199999999999994,2437.6,NaN
156120.01,5,0.526,2438.4,NaN
156180.01,5,0.48200000000000004,2439.4,NaN
156240.01,5,0.458,2441.4,NaN
156300.01,5,0.374,2442.6,NaN
156360.01,5,0.344,2445.0,NaN
156420.01,5,0.36,2446.2,NaN
156480.01,5,0.43000000000000005,2447.4,NaN
156540.01,5,0.44800000000000006,2448.6,NaN
156600.01,5,0.41400000000000003,2449.6,NaN
156660.01,5,0.458,2451.4,NaN
156720.01,5,0.49399999999999994,2452.6,NaN
156780.01,5,0.442,2453.4,NaN
156840.01,5,0.45199999999999996,2455.0,NaN
156900.01,5,0.388,2456.6,NaN
156960.01,5,0.434,2458.0,NaN
157020.01,5,0.40599999999999997,2458.2,NaN
157080.01,5,0.366,2459.4,NaN
157140.01,5,0.22600000000000003,2460.4,NaN
157200.01,5,0.5399999999999999,2462.0,NaN
157260.01,5,0.504,2465.2,NaN
157320.01,5,0.5459999999999999,2466.8,NaN
157380.01,5,0.396,2469.0,NaN
157440.01,5,0.382,2469.8,NaN
157500.01,5,0.55,2471.2,NaN
157560.01,5,0.5820000000000001,2472.2,NaN
157620.01,5,0.44400000000000006,2473.6,NaN
157680.01,5,0.46399999999999997,2475.0,NaN
157740.01,5,0.37,2476.2,NaN
157800.01,5,0.41400000000000003,2477.4,NaN
157860.01,5,0.4659999999999999,2478.6,NaN
157920.01,5,0.33599999999999997,2479.8,NaN
157980.01,5,0.484,2481.4,NaN
158040.01,5,0.44800000000000006,2482.4,NaN
158100.01,5,0.364,2483.2,NaN
158160.01,5,0.5040000000000001,2484.6,NaN
158220.01,5,0.414,2486.0,NaN
158280.01,5,0.404,2487.6,NaN
158340.01,5,0.33799999999999997,2488.8,NaN
158400.01,5,0.382,2490.4,NaN
158460.01,5,0.446,2491.4,NaN
158520.01,5,0.48199999999999993,2492.2,NaN
158580.01,5,0.5159999999999999,2493.8,NaN
158640.01,5,0.354,2494.4,NaN
158700.01,5,0.292,2495.2,NaN
158760.01,5,0.348,2496.4,NaN
158820.01,5,0.384,2497.4,NaN
158880.01,5,0.4499999999999999,2498.2,NaN
158940.01,5,0.5559999999999999,2499.2,NaN
159000.01,5,0.48600000000000004,2499.0,NaN
159060.01,5,0.44399999999999995,2499.4,NaN
159120.01,5,0.324,2499.0,NaN
159180.01,5,0.352,2499.6,NaN
159240.01,5,0.49799999999999994,2500.6,NaN
159300.01,5,0.49399999999999994,2500.2,NaN
159360.01,5,0.36,2500.4,NaN
159420.01,5,0.496,2501.2,NaN
159480.01,5,0.39799999999999996,2501.8,NaN
159540.01,5,0.4620000000000001,2503.4,NaN
159600.01,5,0.4640000000000001,2504.4,NaN
159660.01,5,0.346,2504.8,NaN
159720.01,5,0.382,2506.0,NaN
159780.01,5,0.28200000000000003,2506.2,NaN
159840.01,5,0.28,2506.6,NaN
159900.01,5,0.35200000000000004,2506.8,NaN
159960.01,5,0.35200000000000004,2507.0,NaN
160020.01,5,0.384,2507.2,NaN
160080.01,5,0.41600000000000004,2507.2,NaN
160140.01,5,0.16,2505.8,NaN
160200.01,5,0.22400000000000003,2506.2,NaN
160260.01,5,0.192,2506.0,NaN
160320.01,5,0.192,2506.0,NaN
160380.01,5,0.256,2506.4,NaN
160440.01,5,0.45599999999999996,2507.4,NaN
160500.01,5,0.5619999999999999,2508.0,NaN
160560.01,5,0.49800000000000005,2508.0,NaN
160620.01,5,0.33799999999999997,2507.2,NaN
160680.01,5,0.44000000000000006,2507.6,NaN
160740.01,5,0.406,2507.2,NaN
160800.01,5,0.384,2507.2,NaN
160860.01,5,0.34,2507.0,NaN
160920.01,5,0.362,2507.4,NaN
160980.01,5,0.34,2506.8,NaN
161040.01,5,0.256,2506.4,NaN
161100.01,5,0.35200000000000004,2507.0,NaN
161160.01,5,0.44799999999999995,2507.6,NaN
161220.01,5,0.41600000000000004,2507.4,NaN
161280.01,5,0.35200000000000004,2507.0,NaN
161340.01,5,0.288,2506.4,NaN
161400.01,5,0.22400000000000003,2506.2,NaN
161460.01,5,0.32,2506.8,NaN
161520.01,5,0.288,2506.6,NaN
161580.01,5,0.32,2506.8,NaN
161640.01,5,0.352,2506.8,NaN
161700.01,5,0.41600000000000004,2507.2,NaN
161760.01,5,0.384,2507.2,NaN
161820.01,5,0.44600000000000006,2507.4,NaN
161880.01,5,0.31999999999999995,2506.6,NaN
161940.01,5,0.288,2506.6,NaN
162000.01,5,0.25599999999999995,2506.6,NaN
162060.01,5,0.256,2506.4,NaN
162120.01,5,0.192,2506.0,NaN
162180.01,5,0.16,2506.0,NaN
162240.01,5,0.192,2506.0,NaN
162300.01,5,0.16,2506.0,NaN
162360.01,5,0.22400000000000003,2506.2,NaN
162420.01,5,0.22400000000000003,2506.2,NaN
162480.01,5,0.256,2506.4,NaN
162540.01,5,0.22400000000000003,2506.2,NaN
162600.01,5,0.256,2506.4,NaN
162660.01,5,0.28800000000000003,2506.6,NaN
162720.01,5,0.384,2507.2,NaN
162780.01,5,0.35200000000000004,2507.0,NaN
162840.01,5,0.256,2506.2,NaN
162900.01,5,0.128,2505.4,NaN
162960.01,5,0.16,2505.8,NaN
163020.01,5,0.256,2506.6,NaN
163080.01,5,0.40800000000000003,2507.2,NaN
163140.01,5,0.44800000000000006,2507.4,NaN
163200.01,5,0.32,2506.8,NaN
163260.01,5,0.288,2506.6,NaN
163320.01,5,0.28800000000000003,2506.6,NaN
163380.01,5,0.32,2506.8,NaN
163440.01,5,0.28800000000000003,2506.6,NaN
163500.01,5,0.32,2506.8,NaN
163560.01,5,0.288,2506.4,NaN
163620.01,5,0.32,2506.8,NaN
163680.01,5,0.384,2507.0,NaN
163740.01,5,0.32,2507.0,NaN
163800.01,5,0.28800000000000003,2506.6,NaN
163860.01,5,0.32,2506.8,NaN
163920.01,5,0.22400000000000003,2506.2,NaN
163980.01,5,0.25599999999999995,2506.4,NaN
164040.01,5,0.192,2505.8,NaN
164100.01,5,0.192,2506.2,NaN
164160.01,5,0.35200000000000004,2507.0,NaN
164220.01,5,0.256,2506.4,NaN
164280.01,5,0.256,2506.6,NaN
164340.01,5,0.16,2505.8,NaN
164400.01,5,0.16,2505.8,NaN
164460.01,5,0.192,2506.0,NaN
164520.01,5,0.22400000000000003,2506.2,NaN
164580.01,5,0.28800000000000003,2506.6,NaN
164640.01,5,0.288,2506.8,NaN
164700.01,5,0.32,2506.8,NaN
164760.01,5,0.22400000000000003,2506.2,NaN
164820.01,5,0.256,2506.6,NaN
164880.01,5,0.28800000000000003,2506.4,NaN
164940.01,5,0.22400000000000003,2506.2,NaN
165000.01,5,0.352,2507.0,NaN
165060.01,5,0.22400000000000003,2506.4,NaN
165120.01,5,0.32,2506.8,NaN
165180.01,5,0.35200000000000004,2506.8,NaN
165240.01,5,0.288,2506.4,NaN
165300.01,5,0.192,2506.0,NaN
165360.01,5,0.16,2505.8,NaN
165420.01,5,0.192,2506.0,NaN
165480.01,5,0.35200000000000004,2507.2,NaN
165540.01,5,0.384,2507.4,NaN
165600.01,5,0.384,2507.2,NaN
165660.01,5,0.192,2506.2,NaN
165720.01,5,0.16,2505.6,NaN
165780.01,5,0.22400000000000003,2506.2,NaN
165840.01,5,0.32,2506.8,NaN
165900.01,5,0.256,2506.6,NaN
165960.01,5,0.35200000000000004,2507.0,NaN
166020.01,5,0.25599999999999995,2506.4,NaN
166080.01,5,0.32,2506.8,NaN
166140.01,5,0.32,2506.6,NaN
166200.01,5,0.28800000000000003,2506.6,NaN
166260.01,5,0.288,2506.6,NaN
166320.01,5,0.192,2506.2,NaN
166380.01,5,0.25599999999999995,2506.4,NaN
166440.01,5,0.192,2506.0,NaN
166500.01,5,0.22400000000000003,2506.2,NaN
166560.01,5,0.128,2505.8,NaN
166620.01,5,0.22400000000000003,2506.2,NaN
166680.01,5,0.192,2505.8,NaN
166740.01,5,0.22399999999999998,2506.2,NaN
166800.01,5,0.16,2506.0,NaN
166860.01,5,0.22400000000000003,2506.0,NaN
166920.01,5,0.192,2506.0,NaN
166980.01,5,0.16,2505.8,NaN
167040.01,5,0.096,2505.4,NaN
167040.01,0,NaN,NaN,NaN
167100.01,4,0.08,2664.0,NaN
167160.01,4,0.12,2664.5,NaN
167220.01,4,0.16,2664.5,NaN
167280.01,4,0.2,2664.75,NaN
167340.01,4,0.2,2664.75,NaN
167400.01,4,0.24000000000000002,2665.0,NaN
167460.01,4,0.24,2664.75,NaN
167520.01,4,0.2,2664.75,NaN
167580.01,4,0.08,2664.0,NaN
167580.01,0,NaN,NaN,NaN
167640.01,3,0.22,2841.3333333333335,NaN
167700.01,3,0.32,2842.0,NaN
167760.01,3,0.32,2842.0,NaN
167820.01,3,0.16,2841.0,NaN
167880.01,3,0.26666666666666666,2841.3333333333335,NaN
167940.01,3,0.16,2841.3333333333335,NaN
168000.01,3,0.32,2842.0,NaN
168060.01,3,0.39000000000000007,2842.3333333333335,NaN
168120.01,3,0.43333333333333335,2842.6666666666665,NaN
168180.01,3,0.48666666666666664,2843.0,NaN
168240.01,3,0.48666666666666664,2843.0,NaN
168300.01,3,0.4266666666666667,2842.6666666666665,NaN
168360.01,3,0.4266666666666667,2842.6666666666665,NaN
168420.01,3,0.26666666666666666,2841.6666666666665,NaN
168480.01,3,0.21333333333333335,2841.3333333333335,NaN
168540.01,3,0.32,2842.0,NaN
168600.01,3,0.2733333333333334,2841.6666666666665,NaN
168660.01,3,0.39000000000000007,2842.3333333333335,NaN
168720.01,3,0.32,2842.0,NaN
168780.01,3,0.43333333333333335,2842.6666666666665,NaN
168840.01,3,0.26666666666666666,2841.6666666666665,NaN
168900.01,3,0.26666666666666666,2841.3333333333335,NaN
168960.01,3,0.26666666666666666,2841.3333333333335,NaN
169020.01,3,0.26666666666666666,2841.6666666666665,NaN
169080.01,3,0.26666666666666666,2841.6666666666665,NaN
169140.01,3,0.10666666666666667,2840.6666666666665,NaN
169200.01,3,0.16,2840.6666666666665,NaN
169260.01,3,0.16,2841.0,NaN
169320.01,3,0.10666666666666667,2841.0,NaN
169380.01,3,0.16,2841.0,NaN
169440.01,3,0.16,2841.0,NaN
169500.01,3,0.22,2841.3333333333335,NaN
169560.01,3,0.16,2841.3333333333335,NaN
169620.01,3,0.16,2841.0,NaN
169680.01,3,0.16,2841.0,NaN
169740.01,3,0.16,2841.0,NaN
169800.01,3,0.16,2841.0,NaN
169860.01,3,0.26666666666666666,2841.6666666666665,NaN
169920.01,3,0.22,2841.3333333333335,NaN
169980.01,3,0.26666666666666666,2841.6666666666665,NaN
170040.01,3,0.10666666666666667,2840.6666666666665,NaN
170100.01,3,0.10666666666666667,2840.6666666666665,NaN
170160.01,3,0.2233333333333333,2841.3333333333335,NaN
170220.01,3,0.32,2842.0,NaN
170280.01,3,0.2733333333333334,2841.6666666666665,NaN
170340.01,3,0.26666666666666666,2841.3333333333335,NaN
170400.01,3,0.26666666666666666,2841.3333333333335,NaN
170460.01,3,0.22,2841.3333333333335,NaN
170520.01,3,0.22,2841.3333333333335,NaN
170580.01,3,0.22,2841.3333333333335,NaN
170640.01,3,0.16,2841.0,NaN
170700.01,3,0.16,2841.0,NaN
170760.01,3,0.10666666666666667,2840.6666666666665,NaN
170820.01,3,0.10666666666666667,2840.6666666666665,NaN
170880.01,3,0.10666666666666667,2840.6666666666665,NaN
170940.01,3,0.10666666666666667,2840.6666666666665,NaN
171000.01,3,0.16,2841.0,NaN
171060.01,3,0.22,2841.3333333333335,NaN
171120.01,3,0.26666666666666666,2841.6666666666665,NaN
171180.01,3,0.26666666666666666,2841.6666666666665,NaN
171240.01,3,0.26666666666666666,2841.6666666666665,NaN
171300.01,3,0.32,2842.0,NaN
171360.01,3,0.38999999999999996,2842.0,NaN
171420.01,3,0.48666666666666664,2843.0,NaN
171480.01,3,0.37333333333333335,2842.0,NaN
171540.01,3,0.32,2842.0,NaN
171600.01,3,0.05333333333333334,2840.3333333333335,NaN
171600.01,0,NaN,NaN,NaN
171660.01,2,0.08,3181.0,NaN
171720.01,2,0.08,3180.5,NaN
171780.01,2,0.08,3180.5,NaN
171780.01,0,NaN,NaN,NaN
171840.01,1,0.36,4211.0,NaN
171900.01,1,0.36,4211.0,NaN
171960.01,1,0.92,4213.0,NaN
171960.01,0,NaN,NaN,NaN
172020.01,2,0.36000000000000004,2106.5,NaN
172080.01,2,0.255,2106.0,NaN
172140.01,2,0.64,2107.5,NaN
172200.01,2,0.56,2107.5,NaN
172260.01,2,0.7250000000000001,2108.0,NaN
172320.01,2,0.44000000000000006,2106.5,NaN
172380.01,2,0.255,2106.0,NaN
172440.01,2,0.08,2105.0,NaN
172440.01,0,NaN,NaN,NaN
172500.01,1,0.36,4211.0,NaN
172560.01,1,0.56,4212.0,NaN
172620.01,1,0.76,4213.0,NaN
172680.01,1,0.92,4214.0,NaN
172680.01,0,NaN,NaN,NaN
172740.01,2,0.46,2106.5,NaN
